<?xml version="1.0" encoding="UTF-8"?>
<coverage generated="1774740155488" clover="3.2.0">
  <project timestamp="1774740155489" name="All files">
    <metrics statements="1219" coveredstatements="1207" conditionals="996" coveredconditionals="910" methods="83" coveredmethods="83" elements="2298" coveredelements="2200" complexity="0" loc="1219" ncloc="1219" packages="4" files="12" classes="12"/>
    <package name="src">
      <metrics statements="32" coveredstatements="32" conditionals="18" coveredconditionals="18" methods="2" coveredmethods="2"/>
      <file name="config.js" path="D:\Documents\Programming\Node\3d_map_generator\src\config.js">
        <metrics statements="32" coveredstatements="32" conditionals="18" coveredconditionals="18" methods="2" coveredmethods="2"/>
        <line num="6" count="10" type="stmt"/>
        <line num="25" count="10" type="stmt"/>
        <line num="42" count="10" type="stmt"/>
        <line num="49" count="10" type="stmt"/>
        <line num="58" count="10" type="stmt"/>
        <line num="82" count="10" type="stmt"/>
        <line num="102" count="10" type="stmt"/>
        <line num="107" count="10" type="stmt"/>
        <line num="132" count="10" type="stmt"/>
        <line num="143" count="10" type="stmt"/>
        <line num="180" count="14" type="stmt"/>
        <line num="182" count="14" type="stmt"/>
        <line num="183" count="17" type="stmt"/>
        <line num="185" count="17" type="cond" truecount="2" falsecount="0"/>
        <line num="186" count="2" type="stmt"/>
        <line num="187" count="2" type="stmt"/>
        <line num="190" count="15" type="cond" truecount="2" falsecount="0"/>
        <line num="191" count="1" type="stmt"/>
        <line num="192" count="1" type="stmt"/>
        <line num="195" count="14" type="cond" truecount="2" falsecount="0"/>
        <line num="196" count="1" type="stmt"/>
        <line num="197" count="1" type="stmt"/>
        <line num="200" count="13" type="cond" truecount="4" falsecount="0"/>
        <line num="201" count="11" type="stmt"/>
        <line num="203" count="11" type="cond" truecount="2" falsecount="0"/>
        <line num="204" count="3" type="stmt"/>
        <line num="205" count="3" type="stmt"/>
        <line num="206" count="3" type="cond" truecount="2" falsecount="0"/>
        <line num="207" count="8" type="cond" truecount="2" falsecount="0"/>
        <line num="208" count="7" type="stmt"/>
        <line num="209" count="7" type="cond" truecount="2" falsecount="0"/>
        <line num="214" count="17" type="stmt"/>
      </file>
    </package>
    <package name="src.core">
      <metrics statements="115" coveredstatements="115" conditionals="53" coveredconditionals="45" methods="19" coveredmethods="19"/>
      <file name="geometry.js" path="D:\Documents\Programming\Node\3d_map_generator\src\core\geometry.js">
        <metrics statements="84" coveredstatements="84" conditionals="36" coveredconditionals="28" methods="7" coveredmethods="7"/>
        <line num="18" count="1" type="stmt"/>
        <line num="21" count="11" type="stmt"/>
        <line num="24" count="11" type="stmt"/>
        <line num="25" count="11" type="cond" truecount="1" falsecount="1"/>
        <line num="30" count="11" type="cond" truecount="2" falsecount="0"/>
        <line num="31" count="11" type="cond" truecount="2" falsecount="0"/>
        <line num="32" count="11" type="stmt"/>
        <line num="42" count="22" type="stmt"/>
        <line num="43" count="11" type="stmt"/>
        <line num="44" count="11" type="stmt"/>
        <line num="45" count="11" type="stmt"/>
        <line num="46" count="11" type="stmt"/>
        <line num="48" count="11" type="stmt"/>
        <line num="49" count="66" type="stmt"/>
        <line num="50" count="66" type="stmt"/>
        <line num="51" count="264" type="stmt"/>
        <line num="52" count="264" type="stmt"/>
        <line num="53" count="264" type="stmt"/>
        <line num="56" count="11" type="stmt"/>
        <line num="59" count="11" type="stmt"/>
        <line num="60" count="11" type="stmt"/>
        <line num="61" count="11" type="stmt"/>
        <line num="76" count="2" type="stmt"/>
        <line num="102" count="3" type="cond" truecount="2" falsecount="0"/>
        <line num="103" count="3" type="cond" truecount="2" falsecount="0"/>
        <line num="105" count="3" type="stmt"/>
        <line num="120" count="6" type="stmt"/>
        <line num="121" count="6" type="stmt"/>
        <line num="122" count="6" type="stmt"/>
        <line num="123" count="6" type="stmt"/>
        <line num="124" count="6" type="stmt"/>
        <line num="126" count="6" type="stmt"/>
        <line num="127" count="36" type="stmt"/>
        <line num="128" count="36" type="stmt"/>
        <line num="129" count="36" type="stmt"/>
        <line num="130" count="36" type="stmt"/>
        <line num="132" count="36" type="stmt"/>
        <line num="133" count="1440" type="stmt"/>
        <line num="134" count="1440" type="cond" truecount="1" falsecount="1"/>
        <line num="135" count="1440" type="cond" truecount="1" falsecount="1"/>
        <line num="138" count="36" type="cond" truecount="1" falsecount="1"/>
        <line num="139" count="36" type="stmt"/>
        <line num="140" count="2592" type="stmt"/>
        <line num="144" count="36" type="stmt"/>
        <line num="147" count="6" type="stmt"/>
        <line num="148" count="6" type="stmt"/>
        <line num="149" count="6" type="cond" truecount="1" falsecount="1"/>
        <line num="150" count="6" type="cond" truecount="1" falsecount="1"/>
        <line num="151" count="6" type="cond" truecount="1" falsecount="1"/>
        <line num="153" count="6" type="stmt"/>
        <line num="166" count="8" type="stmt"/>
        <line num="167" count="8" type="stmt"/>
        <line num="168" count="8" type="cond" truecount="2" falsecount="0"/>
        <line num="170" count="6" type="stmt"/>
        <line num="171" count="6" type="stmt"/>
        <line num="174" count="6" type="stmt"/>
        <line num="175" count="6" type="cond" truecount="2" falsecount="0"/>
        <line num="178" count="8" type="stmt"/>
        <line num="179" count="8" type="stmt"/>
        <line num="180" count="8" type="stmt"/>
        <line num="182" count="8" type="stmt"/>
        <line num="185" count="8" type="stmt"/>
        <line num="186" count="12" type="stmt"/>
        <line num="187" count="12" type="cond" truecount="2" falsecount="0"/>
        <line num="188" count="10" type="stmt"/>
        <line num="190" count="2" type="stmt"/>
        <line num="192" count="12" type="stmt"/>
        <line num="196" count="6" type="stmt"/>
        <line num="197" count="6" type="stmt"/>
        <line num="198" count="6" type="stmt"/>
        <line num="199" count="30" type="stmt"/>
        <line num="200" count="30" type="cond" truecount="2" falsecount="0"/>
        <line num="202" count="24" type="stmt"/>
        <line num="204" count="24" type="cond" truecount="2" falsecount="0"/>
        <line num="205" count="21" type="stmt"/>
        <line num="206" count="21" type="stmt"/>
        <line num="208" count="3" type="stmt"/>
        <line num="209" count="3" type="stmt"/>
        <line num="211" count="24" type="stmt"/>
        <line num="214" count="6" type="cond" truecount="1" falsecount="1"/>
        <line num="216" count="6" type="stmt"/>
        <line num="217" count="36" type="stmt"/>
        <line num="219" count="6" type="stmt"/>
        <line num="220" count="6" type="stmt"/>
      </file>
      <file name="rng.js" path="D:\Documents\Programming\Node\3d_map_generator\src\core\rng.js">
        <metrics statements="16" coveredstatements="16" conditionals="0" coveredconditionals="0" methods="8" coveredmethods="8"/>
        <line num="7" count="145" type="stmt"/>
        <line num="10" count="75259" type="stmt"/>
        <line num="11" count="75259" type="stmt"/>
        <line num="12" count="75259" type="stmt"/>
        <line num="13" count="75259" type="stmt"/>
        <line num="14" count="75259" type="stmt"/>
        <line num="17" count="145" type="stmt"/>
        <line num="20" count="2526" type="stmt"/>
        <line num="25" count="13467" type="stmt"/>
        <line num="30" count="12019" type="stmt"/>
        <line num="35" count="28164" type="stmt"/>
        <line num="40" count="7304" type="stmt"/>
        <line num="45" count="2233" type="stmt"/>
        <line num="46" count="11779" type="stmt"/>
        <line num="47" count="11779" type="stmt"/>
        <line num="49" count="2233" type="stmt"/>
      </file>
      <file name="spatial.js" path="D:\Documents\Programming\Node\3d_map_generator\src\core\spatial.js">
        <metrics statements="15" coveredstatements="15" conditionals="17" coveredconditionals="17" methods="4" coveredmethods="4"/>
        <line num="10" count="41644" type="cond" truecount="4" falsecount="0"/>
        <line num="19" count="42434" type="cond" truecount="2" falsecount="0"/>
        <line num="20" count="42434" type="cond" truecount="2" falsecount="0"/>
        <line num="21" count="42434" type="stmt"/>
        <line num="35" count="42432" type="stmt"/>
        <line num="36" count="42432" type="cond" truecount="4" falsecount="0"/>
        <line num="45" count="602" type="stmt"/>
        <line num="46" count="602" type="stmt"/>
        <line num="47" count="602" type="stmt"/>
        <line num="48" count="602" type="stmt"/>
        <line num="49" count="602" type="cond" truecount="4" falsecount="0"/>
        <line num="50" count="141" type="stmt"/>
        <line num="51" count="107" type="stmt"/>
        <line num="52" count="159" type="stmt"/>
        <line num="53" count="195" type="stmt"/>
      </file>
    </package>
    <package name="src.export">
      <metrics statements="173" coveredstatements="173" conditionals="71" coveredconditionals="53" methods="7" coveredmethods="7"/>
      <file name="collision-exporter.js" path="D:\Documents\Programming\Node\3d_map_generator\src\export\collision-exporter.js">
        <metrics statements="38" coveredstatements="38" conditionals="17" coveredconditionals="14" methods="3" coveredmethods="3"/>
        <line num="19" count="1" type="stmt"/>
        <line num="32" count="4" type="stmt"/>
        <line num="33" count="4" type="stmt"/>
        <line num="34" count="23" type="cond" truecount="2" falsecount="0"/>
        <line num="35" count="18" type="cond" truecount="1" falsecount="1"/>
        <line num="36" count="78" type="cond" truecount="2" falsecount="0"/>
        <line num="37" count="12" type="stmt"/>
        <line num="40" count="18" type="cond" truecount="5" falsecount="0"/>
        <line num="41" count="1" type="stmt"/>
        <line num="45" count="4" type="cond" truecount="2" falsecount="0"/>
        <line num="46" count="1" type="stmt"/>
        <line num="47" count="1" type="stmt"/>
        <line num="51" count="3" type="stmt"/>
        <line num="53" count="3" type="stmt"/>
        <line num="54" count="3" type="stmt"/>
        <line num="56" count="3" type="stmt"/>
        <line num="57" count="3" type="stmt"/>
        <line num="59" count="3" type="stmt"/>
        <line num="60" count="13" type="stmt"/>
        <line num="61" count="13" type="stmt"/>
        <line num="62" count="13" type="stmt"/>
        <line num="64" count="13" type="stmt"/>
        <line num="65" count="13" type="stmt"/>
        <line num="67" count="13" type="cond" truecount="1" falsecount="1"/>
        <line num="70" count="13" type="stmt"/>
        <line num="71" count="312" type="stmt"/>
        <line num="75" count="13" type="cond" truecount="1" falsecount="1"/>
        <line num="76" count="13" type="stmt"/>
        <line num="77" count="156" type="stmt"/>
        <line num="78" count="156" type="stmt"/>
        <line num="79" count="156" type="stmt"/>
        <line num="80" count="156" type="stmt"/>
        <line num="84" count="13" type="stmt"/>
        <line num="85" count="13" type="stmt"/>
        <line num="86" count="13" type="stmt"/>
        <line num="89" count="3" type="stmt"/>
        <line num="90" count="3" type="stmt"/>
        <line num="91" count="3" type="stmt"/>
      </file>
      <file name="glb-exporter.js" path="D:\Documents\Programming\Node\3d_map_generator\src\export\glb-exporter.js">
        <metrics statements="135" coveredstatements="135" conditionals="54" coveredconditionals="39" methods="4" coveredmethods="4"/>
        <line num="17" count="8" type="stmt"/>
        <line num="18" count="8" type="stmt"/>
        <line num="19" count="17" type="cond" truecount="2" falsecount="0"/>
        <line num="22" count="8" type="cond" truecount="2" falsecount="0"/>
        <line num="25" count="7" type="stmt"/>
        <line num="26" count="7" type="stmt"/>
        <line num="27" count="7" type="stmt"/>
        <line num="28" count="7" type="stmt"/>
        <line num="29" count="7" type="stmt"/>
        <line num="30" count="7" type="stmt"/>
        <line num="31" count="7" type="stmt"/>
        <line num="32" count="7" type="stmt"/>
        <line num="33" count="7" type="stmt"/>
        <line num="34" count="7" type="stmt"/>
        <line num="35" count="7" type="stmt"/>
        <line num="36" count="7" type="stmt"/>
        <line num="37" count="7" type="stmt"/>
        <line num="39" count="7" type="stmt"/>
        <line num="40" count="9" type="stmt"/>
        <line num="41" count="9" type="stmt"/>
        <line num="42" count="9" type="stmt"/>
        <line num="44" count="9" type="stmt"/>
        <line num="45" count="9" type="stmt"/>
        <line num="46" count="9" type="stmt"/>
        <line num="47" count="9" type="stmt"/>
        <line num="51" count="9" type="stmt"/>
        <line num="52" count="9" type="cond" truecount="2" falsecount="0"/>
        <line num="53" count="1" type="stmt"/>
        <line num="55" count="8" type="stmt"/>
        <line num="56" count="8" type="stmt"/>
        <line num="57" count="8" type="cond" truecount="1" falsecount="1"/>
        <line num="58" count="8" type="stmt"/>
        <line num="67" count="8" type="cond" truecount="2" falsecount="0"/>
        <line num="68" count="3" type="stmt"/>
        <line num="70" count="3" type="cond" truecount="2" falsecount="0"/>
        <line num="71" count="1" type="stmt"/>
        <line num="73" count="2" type="stmt"/>
        <line num="74" count="2" type="cond" truecount="1" falsecount="1"/>
        <line num="75" count="2" type="stmt"/>
        <line num="76" count="2" type="stmt"/>
        <line num="77" count="2" type="stmt"/>
        <line num="78" count="2" type="stmt"/>
        <line num="79" count="2" type="stmt"/>
        <line num="80" count="2" type="stmt"/>
        <line num="81" count="2" type="stmt"/>
        <line num="83" count="3" type="cond" truecount="2" falsecount="0"/>
        <line num="84" count="2" type="stmt"/>
        <line num="85" count="2" type="stmt"/>
        <line num="87" count="3" type="stmt"/>
        <line num="88" count="3" type="stmt"/>
        <line num="89" count="3" type="stmt"/>
        <line num="90" count="3" type="stmt"/>
        <line num="94" count="8" type="cond" truecount="4" falsecount="0"/>
        <line num="95" count="1" type="stmt"/>
        <line num="96" count="1" type="stmt"/>
        <line num="99" count="8" type="stmt"/>
        <line num="103" count="9" type="stmt"/>
        <line num="104" count="9" type="stmt"/>
        <line num="105" count="9" type="stmt"/>
        <line num="106" count="9" type="stmt"/>
        <line num="107" count="9" type="stmt"/>
        <line num="110" count="9" type="stmt"/>
        <line num="111" count="9" type="stmt"/>
        <line num="112" count="9" type="stmt"/>
        <line num="113" count="216" type="stmt"/>
        <line num="114" count="216" type="stmt"/>
        <line num="115" count="216" type="stmt"/>
        <line num="118" count="9" type="stmt"/>
        <line num="119" count="9" type="stmt"/>
        <line num="127" count="9" type="stmt"/>
        <line num="131" count="9" type="cond" truecount="1" falsecount="1"/>
        <line num="132" count="9" type="stmt"/>
        <line num="133" count="9" type="stmt"/>
        <line num="134" count="9" type="stmt"/>
        <line num="135" count="9" type="stmt"/>
        <line num="136" count="9" type="stmt"/>
        <line num="138" count="9" type="stmt"/>
        <line num="139" count="9" type="stmt"/>
        <line num="145" count="9" type="stmt"/>
        <line num="150" count="9" type="cond" truecount="1" falsecount="1"/>
        <line num="151" count="9" type="stmt"/>
        <line num="152" count="9" type="stmt"/>
        <line num="153" count="9" type="stmt"/>
        <line num="154" count="9" type="stmt"/>
        <line num="155" count="9" type="stmt"/>
        <line num="156" count="9" type="stmt"/>
        <line num="157" count="9" type="stmt"/>
        <line num="158" count="9" type="stmt"/>
        <line num="163" count="9" type="cond" truecount="1" falsecount="1"/>
        <line num="165" count="9" type="stmt"/>
        <line num="166" count="9" type="cond" truecount="1" falsecount="1"/>
        <line num="169" count="9" type="stmt"/>
        <line num="172" count="9" type="stmt"/>
        <line num="173" count="9" type="cond" truecount="1" falsecount="1"/>
        <line num="175" count="9" type="stmt"/>
        <line num="176" count="9" type="stmt"/>
        <line num="177" count="9" type="stmt"/>
        <line num="179" count="9" type="stmt"/>
        <line num="180" count="9" type="stmt"/>
        <line num="186" count="9" type="stmt"/>
        <line num="190" count="9" type="stmt"/>
        <line num="194" count="9" type="cond" truecount="1" falsecount="1"/>
        <line num="195" count="9" type="cond" truecount="1" falsecount="1"/>
        <line num="196" count="9" type="cond" truecount="1" falsecount="1"/>
        <line num="198" count="9" type="stmt"/>
        <line num="199" count="9" type="cond" truecount="1" falsecount="1"/>
        <line num="201" count="9" type="cond" truecount="1" falsecount="1"/>
        <line num="203" count="9" type="stmt"/>
        <line num="207" count="7" type="stmt"/>
        <line num="210" count="9" type="stmt"/>
        <line num="219" count="7" type="cond" truecount="2" falsecount="0"/>
        <line num="220" count="7" type="cond" truecount="2" falsecount="0"/>
        <line num="221" count="7" type="cond" truecount="2" falsecount="0"/>
        <line num="223" count="7" type="stmt"/>
        <line num="224" count="7" type="stmt"/>
        <line num="226" count="7" type="stmt"/>
        <line num="227" count="7" type="stmt"/>
        <line num="229" count="7" type="stmt"/>
        <line num="231" count="7" type="stmt"/>
        <line num="232" count="7" type="cond" truecount="1" falsecount="1"/>
        <line num="235" count="8" type="stmt"/>
        <line num="237" count="8" type="stmt"/>
        <line num="238" count="8" type="stmt"/>
        <line num="241" count="8" type="stmt"/>
        <line num="242" count="8" type="stmt"/>
        <line num="243" count="8" type="stmt"/>
        <line num="246" count="8" type="stmt"/>
        <line num="247" count="8" type="stmt"/>
        <line num="248" count="8" type="stmt"/>
        <line num="251" count="8" type="stmt"/>
        <line num="252" count="8" type="stmt"/>
        <line num="253" count="8" type="stmt"/>
        <line num="255" count="8" type="stmt"/>
        <line num="256" count="7" type="stmt"/>
        <line num="263" count="1" type="stmt"/>
      </file>
    </package>
    <package name="src.generators">
      <metrics statements="899" coveredstatements="887" conditionals="854" coveredconditionals="794" methods="55" coveredmethods="55"/>
      <file name="buildings.js" path="D:\Documents\Programming\Node\3d_map_generator\src\generators\buildings.js">
        <metrics statements="71" coveredstatements="70" conditionals="17" coveredconditionals="17" methods="3" coveredmethods="3"/>
        <line num="13" count="6" type="stmt"/>
        <line num="14" count="6" type="stmt"/>
        <line num="15" count="6" type="stmt"/>
        <line num="24" count="113" type="stmt"/>
        <line num="25" count="113" type="stmt"/>
        <line num="28" count="113" type="stmt"/>
        <line num="29" count="113" type="stmt"/>
        <line num="32" count="113" type="stmt"/>
        <line num="33" count="113" type="stmt"/>
        <line num="34" count="113" type="stmt"/>
        <line num="35" count="113" type="stmt"/>
        <line num="37" count="113" type="stmt"/>
        <line num="38" count="565" type="stmt"/>
        <line num="39" count="2825" type="stmt"/>
        <line num="40" count="2825" type="stmt"/>
        <line num="43" count="2825" type="stmt"/>
        <line num="44" count="2825" type="stmt"/>
        <line num="45" count="2825" type="stmt"/>
        <line num="46" count="2825" type="stmt"/>
        <line num="49" count="2825" type="stmt"/>
        <line num="50" count="2825" type="stmt"/>
        <line num="51" count="2825" type="stmt"/>
        <line num="53" count="2825" type="stmt"/>
        <line num="58" count="113" type="stmt"/>
        <line num="59" count="113" type="stmt"/>
        <line num="62" count="113" type="stmt"/>
        <line num="63" count="113" type="stmt"/>
        <line num="64" count="113" type="cond" truecount="2" falsecount="0"/>
        <line num="65" count="112" type="stmt"/>
        <line num="66" count="2800" type="stmt"/>
        <line num="67" count="2800" type="stmt"/>
        <line num="68" count="5815" type="cond" truecount="6" falsecount="0"/>
        <line num="70" count="971" type="stmt"/>
        <line num="71" count="971" type="stmt"/>
        <line num="74" count="2800" type="cond" truecount="2" falsecount="0"/>
        <line num="75" count="1829" type="stmt"/>
        <line num="78" count="1" type="stmt"/>
        <line num="83" count="113" type="cond" truecount="2" falsecount="0"/>
        <line num="84" count="112" type="stmt"/>
        <line num="85" count="112" type="stmt"/>
        <line num="86" count="112" type="stmt"/>
        <line num="87" count="112" type="stmt"/>
        <line num="88" count="112" type="stmt"/>
        <line num="90" count="1" type="stmt"/>
        <line num="91" count="1" type="stmt"/>
        <line num="95" count="113" type="stmt"/>
        <line num="97" count="113" type="stmt"/>
        <line num="110" count="113" type="stmt"/>
        <line num="111" count="113" type="stmt"/>
        <line num="112" count="113" type="stmt"/>
        <line num="115" count="113" type="stmt"/>
        <line num="116" count="113" type="stmt"/>
        <line num="117" count="113" type="stmt"/>
        <line num="118" count="113" type="stmt"/>
        <line num="119" count="113" type="stmt"/>
        <line num="122" count="263" type="stmt"/>
        <line num="123" count="263" type="stmt"/>
        <line num="124" count="263" type="stmt"/>
        <line num="125" count="263" type="stmt"/>
        <line num="126" count="263" type="stmt"/>
        <line num="127" count="263" type="stmt"/>
        <line num="128" count="263" type="stmt"/>
        <line num="131" count="113" type="cond" truecount="5" falsecount="0"/>
        <line num="132" count="11" type="stmt"/>
        <line num="133" count="67" type="stmt"/>
        <line num="134" count="12" type="stmt"/>
        <line num="135" count="10" type="stmt"/>
        <line num="138" count="13" type="stmt"/>
        <line num="139" count="13" type="stmt"/>
        <line num="140" count="13" type="stmt"/>
        <line num="143" count="0" type="stmt"/>
      </file>
      <file name="connectivity.js" path="D:\Documents\Programming\Node\3d_map_generator\src\generators\connectivity.js">
        <metrics statements="514" coveredstatements="506" conditionals="579" coveredconditionals="545" methods="29" coveredmethods="29"/>
        <line num="24" count="3" type="stmt"/>
        <line num="25" count="3" type="stmt"/>
        <line num="26" count="3" type="stmt"/>
        <line num="28" count="31" type="stmt"/>
        <line num="29" count="31" type="stmt"/>
        <line num="30" count="31" type="stmt"/>
        <line num="35" count="31" type="stmt"/>
        <line num="36" count="492" type="stmt"/>
        <line num="37" count="492" type="stmt"/>
        <line num="39" count="492" type="stmt"/>
        <line num="40" count="1468" type="stmt"/>
        <line num="41" count="1468" type="cond" truecount="1" falsecount="1"/>
        <line num="43" count="1468" type="stmt"/>
        <line num="44" count="1468" type="stmt"/>
        <line num="45" count="1468" type="stmt"/>
        <line num="47" count="4516" type="stmt"/>
        <line num="48" count="1468" type="cond" truecount="1" falsecount="1"/>
        <line num="50" count="1468" type="stmt"/>
        <line num="51" count="4836" type="stmt"/>
        <line num="54" count="4836" type="cond" truecount="4" falsecount="0"/>
        <line num="55" count="4836" type="cond" truecount="4" falsecount="0"/>
        <line num="56" count="4836" type="cond" truecount="4" falsecount="0"/>
        <line num="57" count="4836" type="cond" truecount="4" falsecount="0"/>
        <line num="59" count="4836" type="stmt"/>
        <line num="60" count="4836" type="cond" truecount="4" falsecount="0"/>
        <line num="61" count="2845" type="stmt"/>
        <line num="62" count="4836" type="cond" truecount="4" falsecount="0"/>
        <line num="63" count="2845" type="stmt"/>
        <line num="64" count="4836" type="cond" truecount="4" falsecount="0"/>
        <line num="65" count="2752" type="stmt"/>
        <line num="66" count="4836" type="cond" truecount="4" falsecount="0"/>
        <line num="67" count="2752" type="stmt"/>
        <line num="69" count="4836" type="stmt"/>
        <line num="71" count="11194" type="stmt"/>
        <line num="72" count="11194" type="stmt"/>
        <line num="74" count="11194" type="stmt"/>
        <line num="75" count="308754" type="stmt"/>
        <line num="76" count="308754" type="cond" truecount="2" falsecount="0"/>
        <line num="79" count="287536" type="stmt"/>
        <line num="80" count="287536" type="stmt"/>
        <line num="81" count="287536" type="stmt"/>
        <line num="83" count="287536" type="cond" truecount="2" falsecount="0"/>
        <line num="84" count="40022" type="stmt"/>
        <line num="85" count="40022" type="stmt"/>
        <line num="89" count="11194" type="cond" truecount="3" falsecount="1"/>
        <line num="91" count="11194" type="stmt"/>
        <line num="95" count="11194" type="stmt"/>
        <line num="96" count="11194" type="stmt"/>
        <line num="97" count="11194" type="cond" truecount="4" falsecount="0"/>
        <line num="98" count="10158" type="cond" truecount="4" falsecount="0"/>
        <line num="99" count="9151" type="cond" truecount="4" falsecount="0"/>
        <line num="100" count="8301" type="cond" truecount="4" falsecount="0"/>
        <line num="104" count="7301" type="cond" truecount="4" falsecount="0"/>
        <line num="106" count="3461" type="cond" truecount="2" falsecount="0"/>
        <line num="107" count="3461" type="cond" truecount="2" falsecount="0"/>
        <line num="108" count="3461" type="cond" truecount="2" falsecount="0"/>
        <line num="109" count="3012" type="stmt"/>
        <line num="110" count="3012" type="cond" truecount="4" falsecount="0"/>
        <line num="113" count="2312" type="stmt"/>
        <line num="114" count="2312" type="stmt"/>
        <line num="117" count="3840" type="cond" truecount="2" falsecount="0"/>
        <line num="118" count="3840" type="cond" truecount="2" falsecount="0"/>
        <line num="119" count="3840" type="cond" truecount="2" falsecount="0"/>
        <line num="120" count="3369" type="stmt"/>
        <line num="121" count="3369" type="cond" truecount="4" falsecount="0"/>
        <line num="124" count="2323" type="stmt"/>
        <line num="125" count="2323" type="stmt"/>
        <line num="130" count="4635" type="stmt"/>
        <line num="131" count="4635" type="stmt"/>
        <line num="132" count="4635" type="stmt"/>
        <line num="133" count="4635" type="stmt"/>
        <line num="134" count="675829" type="cond" truecount="2" falsecount="0"/>
        <line num="135" count="77022" type="cond" truecount="2" falsecount="0"/>
        <line num="136" count="675829" type="cond" truecount="2" falsecount="0"/>
        <line num="137" count="675829" type="cond" truecount="6" falsecount="0"/>
        <line num="139" count="2942" type="stmt"/>
        <line num="140" count="2942" type="stmt"/>
        <line num="143" count="4635" type="cond" truecount="4" falsecount="0"/>
        <line num="144" count="2942" type="stmt"/>
        <line num="148" count="4635" type="stmt"/>
        <line num="149" count="4635" type="stmt"/>
        <line num="150" count="132681" type="cond" truecount="2" falsecount="0"/>
        <line num="151" count="66736" type="cond" truecount="5" falsecount="0"/>
        <line num="152" count="66736" type="cond" truecount="5" falsecount="0"/>
        <line num="154" count="65945" type="cond" truecount="5" falsecount="0"/>
        <line num="155" count="65945" type="cond" truecount="5" falsecount="0"/>
        <line num="158" count="4635" type="cond" truecount="5" falsecount="0"/>
        <line num="160" count="4276" type="stmt"/>
        <line num="170" count="492" type="cond" truecount="1" falsecount="1"/>
        <line num="171" count="31" type="stmt"/>
        <line num="172" count="31" type="stmt"/>
        <line num="173" count="4276" type="cond" truecount="2" falsecount="0"/>
        <line num="174" count="2057" type="stmt"/>
        <line num="175" count="182016" type="cond" truecount="2" falsecount="0"/>
        <line num="176" count="143196" type="cond" truecount="2" falsecount="0"/>
        <line num="177" count="2219" type="stmt"/>
        <line num="181" count="4276" type="stmt"/>
        <line num="183" count="0" type="stmt"/>
        <line num="188" count="31" type="cond" truecount="1" falsecount="1"/>
        <line num="189" count="31" type="stmt"/>
        <line num="190" count="31" type="stmt"/>
        <line num="191" count="2057" type="stmt"/>
        <line num="192" count="2057" type="cond" truecount="2" falsecount="0"/>
        <line num="193" count="2057" type="stmt"/>
        <line num="195" count="31" type="stmt"/>
        <line num="196" count="31" type="stmt"/>
        <line num="197" count="124" type="stmt"/>
        <line num="198" count="124" type="stmt"/>
        <line num="199" count="124" type="stmt"/>
        <line num="202" count="0" type="stmt"/>
        <line num="208" count="31" type="stmt"/>
        <line num="209" count="1290" type="stmt"/>
        <line num="210" count="1290" type="cond" truecount="2" falsecount="0"/>
        <line num="212" count="826" type="stmt"/>
        <line num="213" count="826" type="stmt"/>
        <line num="214" count="826" type="stmt"/>
        <line num="217" count="826" type="stmt"/>
        <line num="220" count="1652" type="cond" truecount="2" falsecount="0"/>
        <line num="221" count="808" type="cond" truecount="2" falsecount="0"/>
        <line num="222" count="808" type="stmt"/>
        <line num="223" count="808" type="stmt"/>
        <line num="224" count="808" type="stmt"/>
        <line num="226" count="844" type="stmt"/>
        <line num="227" count="844" type="cond" truecount="2" falsecount="0"/>
        <line num="228" count="844" type="stmt"/>
        <line num="229" count="844" type="stmt"/>
        <line num="233" count="1652" type="stmt"/>
        <line num="234" count="1652" type="stmt"/>
        <line num="235" count="255324" type="cond" truecount="2" falsecount="0"/>
        <line num="236" count="34054" type="cond" truecount="2" falsecount="0"/>
        <line num="237" count="255324" type="cond" truecount="2" falsecount="0"/>
        <line num="238" count="255324" type="cond" truecount="6" falsecount="0"/>
        <line num="240" count="1010" type="stmt"/>
        <line num="241" count="1010" type="stmt"/>
        <line num="245" count="1652" type="cond" truecount="2" falsecount="0"/>
        <line num="248" count="1010" type="stmt"/>
        <line num="250" count="1010" type="cond" truecount="2" falsecount="0"/>
        <line num="251" count="415" type="cond" truecount="2" falsecount="0"/>
        <line num="252" count="415" type="stmt"/>
        <line num="253" count="415" type="stmt"/>
        <line num="254" count="415" type="stmt"/>
        <line num="256" count="595" type="stmt"/>
        <line num="257" count="595" type="cond" truecount="2" falsecount="0"/>
        <line num="258" count="595" type="stmt"/>
        <line num="259" count="595" type="stmt"/>
        <line num="263" count="1010" type="stmt"/>
        <line num="264" count="1010" type="stmt"/>
        <line num="265" count="1399" type="stmt"/>
        <line num="266" count="1399" type="stmt"/>
        <line num="267" count="1399" type="stmt"/>
        <line num="268" count="258784" type="cond" truecount="2" falsecount="0"/>
        <line num="269" count="16411" type="cond" truecount="2" falsecount="0"/>
        <line num="270" count="258784" type="cond" truecount="2" falsecount="0"/>
        <line num="271" count="258784" type="cond" truecount="6" falsecount="0"/>
        <line num="273" count="389" type="stmt"/>
        <line num="274" count="389" type="stmt"/>
        <line num="277" count="1399" type="cond" truecount="2" falsecount="0"/>
        <line num="278" count="1010" type="stmt"/>
        <line num="282" count="1010" type="stmt"/>
        <line num="283" count="1010" type="stmt"/>
        <line num="284" count="3930" type="stmt"/>
        <line num="285" count="1010" type="cond" truecount="4" falsecount="0"/>
        <line num="286" count="12393" type="cond" truecount="4" falsecount="0"/>
        <line num="289" count="894" type="stmt"/>
        <line num="291" count="116" type="stmt"/>
        <line num="294" count="1010" type="stmt"/>
        <line num="295" count="1010" type="stmt"/>
        <line num="297" count="1010" type="cond" truecount="2" falsecount="0"/>
        <line num="298" count="894" type="stmt"/>
        <line num="312" count="1290" type="stmt"/>
        <line num="313" count="1290" type="stmt"/>
        <line num="315" count="1290" type="stmt"/>
        <line num="316" count="492" type="stmt"/>
        <line num="317" count="492" type="stmt"/>
        <line num="318" count="492" type="cond" truecount="1" falsecount="1"/>
        <line num="320" count="492" type="stmt"/>
        <line num="321" count="1968" type="stmt"/>
        <line num="325" count="1968" type="cond" truecount="4" falsecount="0"/>
        <line num="326" count="1968" type="cond" truecount="4" falsecount="0"/>
        <line num="327" count="1968" type="cond" truecount="4" falsecount="0"/>
        <line num="328" count="1968" type="cond" truecount="4" falsecount="0"/>
        <line num="330" count="1968" type="stmt"/>
        <line num="331" count="1968" type="cond" truecount="4" falsecount="0"/>
        <line num="332" count="984" type="stmt"/>
        <line num="333" count="1968" type="cond" truecount="4" falsecount="0"/>
        <line num="334" count="984" type="stmt"/>
        <line num="335" count="1968" type="cond" truecount="4" falsecount="0"/>
        <line num="336" count="984" type="stmt"/>
        <line num="337" count="1968" type="cond" truecount="4" falsecount="0"/>
        <line num="338" count="984" type="stmt"/>
        <line num="340" count="1968" type="stmt"/>
        <line num="341" count="3936" type="cond" truecount="4" falsecount="0"/>
        <line num="342" count="3932" type="cond" truecount="4" falsecount="0"/>
        <line num="343" count="3862" type="cond" truecount="4" falsecount="0"/>
        <line num="344" count="3792" type="cond" truecount="4" falsecount="0"/>
        <line num="346" count="3784" type="stmt"/>
        <line num="350" count="3784" type="stmt"/>
        <line num="351" count="3784" type="cond" truecount="2" falsecount="0"/>
        <line num="352" count="1894" type="stmt"/>
        <line num="353" count="1894" type="cond" truecount="2" falsecount="0"/>
        <line num="354" count="1894" type="stmt"/>
        <line num="355" count="1894" type="stmt"/>
        <line num="357" count="1890" type="cond" truecount="2" falsecount="0"/>
        <line num="358" count="1890" type="stmt"/>
        <line num="359" count="1890" type="stmt"/>
        <line num="360" count="1890" type="stmt"/>
        <line num="364" count="3784" type="stmt"/>
        <line num="365" count="3784" type="stmt"/>
        <line num="366" count="3784" type="stmt"/>
        <line num="367" count="3784" type="stmt"/>
        <line num="368" count="618300" type="cond" truecount="2" falsecount="0"/>
        <line num="369" count="112518" type="cond" truecount="2" falsecount="0"/>
        <line num="370" count="618300" type="cond" truecount="2" falsecount="0"/>
        <line num="371" count="618300" type="cond" truecount="6" falsecount="0"/>
        <line num="373" count="1954" type="stmt"/>
        <line num="374" count="1954" type="stmt"/>
        <line num="377" count="3784" type="cond" truecount="2" falsecount="0"/>
        <line num="380" count="1954" type="stmt"/>
        <line num="381" count="1954" type="stmt"/>
        <line num="382" count="3247" type="stmt"/>
        <line num="383" count="3247" type="stmt"/>
        <line num="384" count="3247" type="stmt"/>
        <line num="385" count="569858" type="cond" truecount="2" falsecount="0"/>
        <line num="386" count="77639" type="cond" truecount="2" falsecount="0"/>
        <line num="387" count="569858" type="cond" truecount="2" falsecount="0"/>
        <line num="388" count="569858" type="cond" truecount="6" falsecount="0"/>
        <line num="390" count="1293" type="stmt"/>
        <line num="391" count="1293" type="stmt"/>
        <line num="394" count="3247" type="cond" truecount="2" falsecount="0"/>
        <line num="395" count="1954" type="stmt"/>
        <line num="401" count="1954" type="stmt"/>
        <line num="402" count="1954" type="stmt"/>
        <line num="403" count="5201" type="stmt"/>
        <line num="404" count="1954" type="cond" truecount="3" falsecount="1"/>
        <line num="405" count="32437" type="cond" truecount="4" falsecount="0"/>
        <line num="408" count="1954" type="stmt"/>
        <line num="410" count="0" type="stmt"/>
        <line num="413" count="1954" type="stmt"/>
        <line num="414" count="1954" type="stmt"/>
        <line num="416" count="1954" type="cond" truecount="1" falsecount="1"/>
        <line num="417" count="1954" type="stmt"/>
        <line num="429" count="492" type="cond" truecount="1" falsecount="1"/>
        <line num="431" count="1954" type="stmt"/>
        <line num="432" count="59782" type="cond" truecount="6" falsecount="0"/>
        <line num="434" count="867" type="stmt"/>
        <line num="437" count="1087" type="stmt"/>
        <line num="444" count="31" type="stmt"/>
        <line num="446" count="31" type="stmt"/>
        <line num="447" count="492" type="stmt"/>
        <line num="448" count="492" type="stmt"/>
        <line num="450" count="492" type="stmt"/>
        <line num="452" count="1968" type="cond" truecount="2" falsecount="0"/>
        <line num="455" count="1968" type="cond" truecount="2" falsecount="0"/>
        <line num="457" count="1840" type="stmt"/>
        <line num="458" count="6624" type="stmt"/>
        <line num="461" count="6624" type="cond" truecount="4" falsecount="0"/>
        <line num="462" count="6624" type="cond" truecount="4" falsecount="0"/>
        <line num="463" count="6624" type="cond" truecount="4" falsecount="0"/>
        <line num="464" count="6624" type="cond" truecount="4" falsecount="0"/>
        <line num="466" count="6624" type="stmt"/>
        <line num="467" count="6624" type="cond" truecount="4" falsecount="0"/>
        <line num="468" count="3649" type="stmt"/>
        <line num="469" count="6624" type="cond" truecount="4" falsecount="0"/>
        <line num="470" count="3649" type="stmt"/>
        <line num="471" count="6624" type="cond" truecount="4" falsecount="0"/>
        <line num="472" count="3616" type="stmt"/>
        <line num="473" count="6624" type="cond" truecount="4" falsecount="0"/>
        <line num="474" count="3616" type="stmt"/>
        <line num="476" count="6624" type="stmt"/>
        <line num="478" count="14530" type="cond" truecount="4" falsecount="0"/>
        <line num="479" count="14518" type="cond" truecount="4" falsecount="0"/>
        <line num="480" count="14302" type="cond" truecount="4" falsecount="0"/>
        <line num="481" count="14032" type="cond" truecount="4" falsecount="0"/>
        <line num="484" count="14006" type="cond" truecount="4" falsecount="0"/>
        <line num="485" count="14530" type="cond" truecount="2" falsecount="0"/>
        <line num="488" count="2977" type="stmt"/>
        <line num="490" count="2977" type="cond" truecount="2" falsecount="0"/>
        <line num="491" count="1434" type="stmt"/>
        <line num="492" count="1434" type="cond" truecount="2" falsecount="0"/>
        <line num="493" count="1434" type="stmt"/>
        <line num="494" count="1434" type="stmt"/>
        <line num="496" count="1543" type="cond" truecount="2" falsecount="0"/>
        <line num="497" count="1543" type="stmt"/>
        <line num="498" count="1543" type="stmt"/>
        <line num="499" count="1543" type="stmt"/>
        <line num="504" count="2977" type="stmt"/>
        <line num="505" count="2977" type="stmt"/>
        <line num="506" count="2977" type="stmt"/>
        <line num="507" count="22220" type="stmt"/>
        <line num="508" count="5483" type="cond" truecount="4" falsecount="0"/>
        <line num="509" count="66284" type="cond" truecount="4" falsecount="0"/>
        <line num="512" count="2842" type="stmt"/>
        <line num="514" count="2641" type="stmt"/>
        <line num="519" count="5483" type="cond" truecount="2" falsecount="0"/>
        <line num="520" count="731" type="stmt"/>
        <line num="522" count="731" type="stmt"/>
        <line num="536" count="492" type="stmt"/>
        <line num="538" count="492" type="stmt"/>
        <line num="539" count="492" type="stmt"/>
        <line num="540" count="492" type="stmt"/>
        <line num="541" count="492" type="stmt"/>
        <line num="542" count="492" type="stmt"/>
        <line num="545" count="492" type="stmt"/>
        <line num="546" count="976" type="stmt"/>
        <line num="547" count="976" type="cond" truecount="1" falsecount="1"/>
        <line num="549" count="976" type="stmt"/>
        <line num="550" count="2868" type="stmt"/>
        <line num="553" count="2868" type="stmt"/>
        <line num="560" count="2868" type="stmt"/>
        <line num="561" count="11472" type="cond" truecount="2" falsecount="0"/>
        <line num="563" count="5736" type="cond" truecount="2" falsecount="0"/>
        <line num="566" count="1522" type="stmt"/>
        <line num="567" count="1522" type="stmt"/>
        <line num="568" count="2008" type="stmt"/>
        <line num="569" count="2008" type="cond" truecount="5" falsecount="0"/>
        <line num="570" count="1522" type="stmt"/>
        <line num="571" count="1522" type="stmt"/>
        <line num="575" count="1522" type="cond" truecount="1" falsecount="1"/>
        <line num="578" count="1522" type="stmt"/>
        <line num="579" count="1522" type="stmt"/>
        <line num="580" count="757" type="stmt"/>
        <line num="581" count="757" type="cond" truecount="5" falsecount="0"/>
        <line num="582" count="486" type="stmt"/>
        <line num="584" count="271" type="stmt"/>
        <line num="589" count="1522" type="cond" truecount="1" falsecount="1"/>
        <line num="593" count="1522" type="cond" truecount="2" falsecount="0"/>
        <line num="594" count="395" type="stmt"/>
        <line num="595" count="395" type="stmt"/>
        <line num="596" count="395" type="stmt"/>
        <line num="597" count="1127" type="cond" truecount="2" falsecount="0"/>
        <line num="598" count="273" type="stmt"/>
        <line num="599" count="273" type="stmt"/>
        <line num="600" count="273" type="stmt"/>
        <line num="601" count="854" type="cond" truecount="2" falsecount="0"/>
        <line num="602" count="229" type="stmt"/>
        <line num="603" count="229" type="stmt"/>
        <line num="604" count="229" type="stmt"/>
        <line num="606" count="625" type="stmt"/>
        <line num="607" count="625" type="stmt"/>
        <line num="608" count="625" type="stmt"/>
        <line num="612" count="1522" type="stmt"/>
        <line num="613" count="1522" type="stmt"/>
        <line num="614" count="6260" type="stmt"/>
        <line num="615" count="1522" type="cond" truecount="3" falsecount="1"/>
        <line num="616" count="13872" type="cond" truecount="4" falsecount="0"/>
        <line num="619" count="1522" type="stmt"/>
        <line num="621" count="0" type="stmt"/>
        <line num="623" count="1522" type="cond" truecount="1" falsecount="1"/>
        <line num="625" count="1522" type="stmt"/>
        <line num="626" count="1522" type="stmt"/>
        <line num="628" count="1522" type="stmt"/>
        <line num="640" count="492" type="stmt"/>
        <line num="641" count="731" type="cond" truecount="1" falsecount="1"/>
        <line num="642" count="731" type="stmt"/>
        <line num="643" count="22158" type="cond" truecount="6" falsecount="0"/>
        <line num="645" count="330" type="stmt"/>
        <line num="649" count="401" type="cond" truecount="1" falsecount="1"/>
        <line num="650" count="401" type="stmt"/>
        <line num="651" count="11770" type="cond" truecount="6" falsecount="0"/>
        <line num="653" count="164" type="stmt"/>
        <line num="657" count="237" type="stmt"/>
        <line num="661" count="492" type="cond" truecount="1" falsecount="1"/>
        <line num="665" count="31" type="cond" truecount="1" falsecount="1"/>
        <line num="670" count="31" type="stmt"/>
        <line num="674" count="31" type="cond" truecount="1" falsecount="1"/>
        <line num="675" count="31" type="stmt"/>
        <line num="676" count="31" type="stmt"/>
        <line num="677" count="1290" type="cond" truecount="2" falsecount="0"/>
        <line num="678" count="717" type="stmt"/>
        <line num="679" count="14680" type="cond" truecount="2" falsecount="0"/>
        <line num="680" count="12376" type="cond" truecount="2" falsecount="0"/>
        <line num="681" count="4111" type="cond" truecount="2" falsecount="0"/>
        <line num="682" count="573" type="stmt"/>
        <line num="686" count="1290" type="stmt"/>
        <line num="688" count="0" type="stmt"/>
        <line num="693" count="31" type="cond" truecount="1" falsecount="1"/>
        <line num="694" count="31" type="stmt"/>
        <line num="695" count="31" type="stmt"/>
        <line num="696" count="31" type="stmt"/>
        <line num="697" count="894" type="cond" truecount="1" falsecount="1"/>
        <line num="698" count="894" type="stmt"/>
        <line num="699" count="23600" type="cond" truecount="2" falsecount="0"/>
        <line num="700" count="2220" type="cond" truecount="2" falsecount="0"/>
        <line num="701" count="2" type="stmt"/>
        <line num="702" count="2" type="stmt"/>
        <line num="706" count="894" type="stmt"/>
        <line num="708" count="0" type="stmt"/>
        <line num="713" count="31" type="cond" truecount="1" falsecount="1"/>
        <line num="714" count="31" type="stmt"/>
        <line num="715" count="31" type="stmt"/>
        <line num="716" count="665" type="cond" truecount="2" falsecount="0"/>
        <line num="717" count="544" type="stmt"/>
        <line num="718" count="6066" type="cond" truecount="2" falsecount="0"/>
        <line num="719" count="5683" type="cond" truecount="1" falsecount="1"/>
        <line num="720" count="5683" type="cond" truecount="2" falsecount="0"/>
        <line num="721" count="121" type="stmt"/>
        <line num="724" count="544" type="stmt"/>
        <line num="725" count="2664" type="cond" truecount="2" falsecount="0"/>
        <line num="726" count="56" type="cond" truecount="2" falsecount="0"/>
        <line num="727" count="3" type="stmt"/>
        <line num="728" count="3" type="stmt"/>
        <line num="732" count="665" type="stmt"/>
        <line num="734" count="0" type="stmt"/>
        <line num="739" count="31" type="cond" truecount="2" falsecount="0"/>
        <line num="740" count="30" type="stmt"/>
        <line num="741" count="30" type="stmt"/>
        <line num="742" count="145" type="cond" truecount="2" falsecount="0"/>
        <line num="743" count="144" type="stmt"/>
        <line num="744" count="284" type="cond" truecount="2" falsecount="0"/>
        <line num="745" count="283" type="cond" truecount="2" falsecount="0"/>
        <line num="746" count="165" type="cond" truecount="2" falsecount="0"/>
        <line num="747" count="1" type="stmt"/>
        <line num="751" count="145" type="stmt"/>
        <line num="753" count="1" type="stmt"/>
        <line num="757" count="31" type="stmt"/>
        <line num="758" count="149" type="stmt"/>
        <line num="759" count="654" type="stmt"/>
        <line num="760" count="149" type="cond" truecount="2" falsecount="0"/>
        <line num="761" count="1618" type="cond" truecount="4" falsecount="0"/>
        <line num="764" count="149" type="cond" truecount="1" falsecount="1"/>
        <line num="768" count="31" type="cond" truecount="1" falsecount="1"/>
        <line num="774" count="31" type="cond" truecount="2" falsecount="0"/>
        <line num="775" count="30" type="stmt"/>
        <line num="776" count="30" type="stmt"/>
        <line num="777" count="590" type="cond" truecount="2" falsecount="0"/>
        <line num="778" count="411" type="stmt"/>
        <line num="779" count="4262" type="cond" truecount="2" falsecount="0"/>
        <line num="780" count="3676" type="cond" truecount="2" falsecount="0"/>
        <line num="781" count="1449" type="cond" truecount="2" falsecount="0"/>
        <line num="782" count="179" type="stmt"/>
        <line num="786" count="590" type="stmt"/>
        <line num="788" count="1" type="stmt"/>
        <line num="792" count="31" type="cond" truecount="2" falsecount="0"/>
        <line num="793" count="30" type="stmt"/>
        <line num="794" count="417" type="stmt"/>
        <line num="795" count="2031" type="cond" truecount="5" falsecount="1"/>
        <line num="797" count="0" type="stmt"/>
        <line num="800" count="417" type="stmt"/>
        <line num="805" count="31" type="stmt"/>
        <line num="806" count="31" type="cond" truecount="1" falsecount="1"/>
        <line num="807" count="31" type="stmt"/>
        <line num="808" count="431" type="stmt"/>
        <line num="809" count="9533" type="cond" truecount="2" falsecount="0"/>
        <line num="810" count="1921" type="cond" truecount="2" falsecount="0"/>
        <line num="812" count="358" type="stmt"/>
        <line num="815" count="31" type="cond" truecount="1" falsecount="1"/>
        <line num="816" count="31" type="stmt"/>
        <line num="817" count="149" type="stmt"/>
        <line num="818" count="3427" type="cond" truecount="2" falsecount="0"/>
        <line num="819" count="502" type="cond" truecount="2" falsecount="0"/>
        <line num="821" count="148" type="stmt"/>
        <line num="826" count="31" type="stmt"/>
        <line num="827" count="892" type="stmt"/>
        <line num="831" count="31" type="stmt"/>
        <line num="832" count="31" type="stmt"/>
        <line num="833" count="31" type="stmt"/>
        <line num="834" count="31" type="stmt"/>
        <line num="836" count="31" type="stmt"/>
        <line num="837" count="1547" type="stmt"/>
        <line num="838" count="1547" type="cond" truecount="1" falsecount="1"/>
        <line num="839" count="1547" type="stmt"/>
        <line num="840" count="1547" type="stmt"/>
        <line num="842" count="1547" type="stmt"/>
        <line num="843" count="3967" type="stmt"/>
        <line num="845" count="3967" type="cond" truecount="4" falsecount="0"/>
        <line num="849" count="873" type="cond" truecount="2" falsecount="0"/>
        <line num="852" count="390" type="stmt"/>
        <line num="853" count="390" type="stmt"/>
        <line num="854" count="3247" type="cond" truecount="5" falsecount="0"/>
        <line num="856" count="390" type="stmt"/>
        <line num="857" count="390" type="stmt"/>
        <line num="861" count="390" type="cond" truecount="2" falsecount="0"/>
        <line num="862" count="63" type="stmt"/>
        <line num="864" count="327" type="stmt"/>
        <line num="866" count="390" type="stmt"/>
        <line num="869" count="483" type="stmt"/>
        <line num="870" count="483" type="stmt"/>
        <line num="871" count="483" type="stmt"/>
        <line num="872" count="2529" type="cond" truecount="5" falsecount="0"/>
        <line num="874" count="483" type="stmt"/>
        <line num="875" count="483" type="stmt"/>
        <line num="878" count="483" type="cond" truecount="2" falsecount="0"/>
        <line num="879" count="124" type="stmt"/>
        <line num="881" count="359" type="stmt"/>
        <line num="885" count="873" type="stmt"/>
        <line num="895" count="31" type="stmt"/>
        <line num="896" count="873" type="stmt"/>
        <line num="897" count="19686" type="cond" truecount="2" falsecount="0"/>
        <line num="898" count="6546" type="cond" truecount="6" falsecount="0"/>
        <line num="900" count="95" type="stmt"/>
        <line num="903" count="778" type="stmt"/>
        <line num="906" count="31" type="stmt"/>
        <line num="907" count="31" type="stmt"/>
        <line num="914" count="16107" type="cond" truecount="1" falsecount="1"/>
        <line num="915" count="16107" type="cond" truecount="1" falsecount="1"/>
        <line num="916" count="16107" type="cond" truecount="1" falsecount="1"/>
        <line num="917" count="16107" type="cond" truecount="1" falsecount="1"/>
        <line num="920" count="16107" type="stmt"/>
        <line num="921" count="16107" type="stmt"/>
        <line num="923" count="16107" type="cond" truecount="2" falsecount="0"/>
        <line num="930" count="143196" type="cond" truecount="2" falsecount="0"/>
        <line num="931" count="54295" type="stmt"/>
        <line num="943" count="16296" type="stmt"/>
        <line num="944" count="16296" type="stmt"/>
        <line num="945" count="16296" type="cond" truecount="4" falsecount="0"/>
        <line num="946" count="3832" type="stmt"/>
        <line num="947" count="3779" type="stmt"/>
        <line num="948" count="4498" type="stmt"/>
        <line num="949" count="4187" type="stmt"/>
        <line num="957" count="308754" type="stmt"/>
        <line num="958" count="2653326" type="stmt"/>
        <line num="959" count="2653326" type="cond" truecount="6" falsecount="0"/>
        <line num="962" count="308626" type="stmt"/>
        <line num="965" count="128" type="stmt"/>
      </file>
      <file name="cover.js" path="D:\Documents\Programming\Node\3d_map_generator\src\generators\cover.js">
        <metrics statements="105" coveredstatements="103" conditionals="91" coveredconditionals="78" methods="8" coveredmethods="8"/>
        <line num="17" count="2" type="stmt"/>
        <line num="18" count="2" type="stmt"/>
        <line num="24" count="1286" type="stmt"/>
        <line num="25" count="1286" type="stmt"/>
        <line num="26" count="1286" type="stmt"/>
        <line num="27" count="1596" type="stmt"/>
        <line num="28" count="1596" type="cond" truecount="2" falsecount="0"/>
        <line num="30" count="0" type="stmt"/>
        <line num="37" count="2535" type="stmt"/>
        <line num="38" count="47251" type="cond" truecount="4" falsecount="0"/>
        <line num="39" count="41632" type="cond" truecount="2" falsecount="0"/>
        <line num="41" count="2249" type="stmt"/>
        <line num="48" count="925" type="stmt"/>
        <line num="49" count="159328" type="cond" truecount="4" falsecount="0"/>
        <line num="50" count="42428" type="cond" truecount="2" falsecount="0"/>
        <line num="52" count="644" type="stmt"/>
        <line num="56" count="17" type="stmt"/>
        <line num="57" count="17" type="stmt"/>
        <line num="60" count="17" type="stmt"/>
        <line num="61" count="268" type="stmt"/>
        <line num="62" count="268" type="stmt"/>
        <line num="63" count="268" type="stmt"/>
        <line num="64" count="268" type="stmt"/>
        <line num="65" count="268" type="cond" truecount="1" falsecount="1"/>
        <line num="67" count="268" type="stmt"/>
        <line num="69" count="268" type="stmt"/>
        <line num="70" count="725" type="cond" truecount="2" falsecount="0"/>
        <line num="72" count="398" type="stmt"/>
        <line num="73" count="398" type="stmt"/>
        <line num="74" count="398" type="cond" truecount="2" falsecount="0"/>
        <line num="75" count="126" type="cond" truecount="1" falsecount="1"/>
        <line num="76" count="126" type="stmt"/>
        <line num="82" count="17" type="stmt"/>
        <line num="83" count="17" type="stmt"/>
        <line num="84" count="268" type="stmt"/>
        <line num="85" count="268" type="cond" truecount="4" falsecount="0"/>
        <line num="86" count="32" type="stmt"/>
        <line num="87" count="32" type="cond" truecount="1" falsecount="1"/>
        <line num="89" count="268" type="stmt"/>
        <line num="90" count="81" type="stmt"/>
        <line num="91" count="81" type="cond" truecount="1" falsecount="1"/>
        <line num="93" count="81" type="stmt"/>
        <line num="94" count="81" type="cond" truecount="1" falsecount="1"/>
        <line num="95" count="81" type="cond" truecount="1" falsecount="1"/>
        <line num="99" count="81" type="stmt"/>
        <line num="100" count="192" type="stmt"/>
        <line num="101" count="192" type="stmt"/>
        <line num="103" count="192" type="cond" truecount="2" falsecount="0"/>
        <line num="104" count="192" type="stmt"/>
        <line num="105" count="192" type="cond" truecount="2" falsecount="0"/>
        <line num="106" count="192" type="cond" truecount="2" falsecount="0"/>
        <line num="107" count="192" type="cond" truecount="3" falsecount="1"/>
        <line num="109" count="192" type="stmt"/>
        <line num="110" count="192" type="stmt"/>
        <line num="111" count="192" type="stmt"/>
        <line num="113" count="192" type="stmt"/>
        <line num="114" count="192" type="cond" truecount="2" falsecount="0"/>
        <line num="115" count="177" type="stmt"/>
        <line num="122" count="17" type="cond" truecount="1" falsecount="1"/>
        <line num="123" count="17" type="stmt"/>
        <line num="124" count="179" type="stmt"/>
        <line num="127" count="17" type="cond" truecount="2" falsecount="0"/>
        <line num="128" count="167" type="stmt"/>
        <line num="132" count="17" type="stmt"/>
        <line num="138" count="17" type="stmt"/>
        <line num="139" count="17" type="stmt"/>
        <line num="140" count="85" type="stmt"/>
        <line num="141" count="85" type="stmt"/>
        <line num="142" count="130" type="stmt"/>
        <line num="143" count="130" type="cond" truecount="2" falsecount="0"/>
        <line num="144" count="129" type="cond" truecount="2" falsecount="0"/>
        <line num="145" count="94" type="cond" truecount="2" falsecount="0"/>
        <line num="146" count="89" type="stmt"/>
        <line num="151" count="17" type="stmt"/>
        <line num="152" count="17" type="stmt"/>
        <line num="153" count="17" type="stmt"/>
        <line num="154" count="17" type="stmt"/>
        <line num="155" count="17" type="stmt"/>
        <line num="156" count="17" type="cond" truecount="2" falsecount="0"/>
        <line num="157" count="758" type="stmt"/>
        <line num="158" count="758" type="stmt"/>
        <line num="159" count="758" type="cond" truecount="2" falsecount="0"/>
        <line num="160" count="758" type="cond" truecount="2" falsecount="0"/>
        <line num="161" count="758" type="stmt"/>
        <line num="162" count="758" type="stmt"/>
        <line num="163" count="758" type="stmt"/>
        <line num="165" count="758" type="cond" truecount="2" falsecount="0"/>
        <line num="166" count="571" type="cond" truecount="2" falsecount="0"/>
        <line num="167" count="513" type="cond" truecount="2" falsecount="0"/>
        <line num="168" count="483" type="cond" truecount="2" falsecount="0"/>
        <line num="169" count="427" type="cond" truecount="2" falsecount="0"/>
        <line num="171" count="340" type="stmt"/>
        <line num="175" count="17" type="stmt"/>
        <line num="176" count="215" type="cond" truecount="1" falsecount="1"/>
        <line num="177" count="0" type="stmt"/>
        <line num="180" count="17" type="stmt"/>
        <line num="187" count="528" type="stmt"/>
        <line num="188" count="528" type="stmt"/>
        <line num="189" count="528" type="cond" truecount="2" falsecount="0"/>
        <line num="190" count="528" type="cond" truecount="2" falsecount="0"/>
        <line num="192" count="528" type="cond" truecount="4" falsecount="0"/>
        <line num="194" count="255" type="stmt"/>
        <line num="195" count="255" type="stmt"/>
        <line num="196" count="255" type="stmt"/>
        <line num="198" count="255" type="stmt"/>
      </file>
      <file name="floors.js" path="D:\Documents\Programming\Node\3d_map_generator\src\generators\floors.js">
        <metrics statements="58" coveredstatements="58" conditionals="45" coveredconditionals="41" methods="5" coveredmethods="5"/>
        <line num="21" count="5" type="stmt"/>
        <line num="29" count="50" type="stmt"/>
        <line num="32" count="50" type="stmt"/>
        <line num="37" count="50" type="stmt"/>
        <line num="38" count="200" type="stmt"/>
        <line num="41" count="50" type="stmt"/>
        <line num="43" count="50" type="stmt"/>
        <line num="44" count="797" type="stmt"/>
        <line num="45" count="797" type="stmt"/>
        <line num="46" count="797" type="stmt"/>
        <line num="48" count="797" type="stmt"/>
        <line num="49" count="2377" type="stmt"/>
        <line num="51" count="2377" type="cond" truecount="2" falsecount="0"/>
        <line num="53" count="1886" type="stmt"/>
        <line num="54" count="1886" type="cond" truecount="5" falsecount="0"/>
        <line num="56" count="2952" type="stmt"/>
        <line num="57" count="738" type="stmt"/>
        <line num="59" count="491" type="cond" truecount="2" falsecount="0"/>
        <line num="61" count="345" type="cond" truecount="2" falsecount="0"/>
        <line num="62" count="198" type="stmt"/>
        <line num="63" count="198" type="cond" truecount="1" falsecount="1"/>
        <line num="65" count="146" type="cond" truecount="1" falsecount="1"/>
        <line num="67" count="146" type="cond" truecount="2" falsecount="0"/>
        <line num="68" count="97" type="stmt"/>
        <line num="69" count="97" type="cond" truecount="1" falsecount="1"/>
        <line num="73" count="9508" type="stmt"/>
        <line num="74" count="2377" type="stmt"/>
        <line num="77" count="2377" type="stmt"/>
        <line num="78" count="2377" type="stmt"/>
        <line num="79" count="4410" type="stmt"/>
        <line num="83" count="2377" type="stmt"/>
        <line num="86" count="50" type="stmt"/>
        <line num="90" count="295" type="stmt"/>
        <line num="91" count="295" type="stmt"/>
        <line num="92" count="392" type="stmt"/>
        <line num="93" count="784" type="cond" truecount="2" falsecount="0"/>
        <line num="96" count="295" type="cond" truecount="1" falsecount="1"/>
        <line num="97" count="295" type="stmt"/>
        <line num="101" count="2377" type="stmt"/>
        <line num="102" count="2377" type="stmt"/>
        <line num="104" count="2377" type="stmt"/>
        <line num="111" count="2377" type="stmt"/>
        <line num="112" count="2377" type="stmt"/>
        <line num="116" count="2377" type="cond" truecount="4" falsecount="0"/>
        <line num="117" count="1408" type="stmt"/>
        <line num="118" count="1408" type="stmt"/>
        <line num="121" count="2377" type="cond" truecount="4" falsecount="0"/>
        <line num="122" count="1969" type="stmt"/>
        <line num="123" count="1969" type="stmt"/>
        <line num="126" count="2377" type="cond" truecount="6" falsecount="0"/>
        <line num="127" count="50" type="stmt"/>
        <line num="128" count="50" type="stmt"/>
        <line num="131" count="2377" type="cond" truecount="6" falsecount="0"/>
        <line num="132" count="1" type="stmt"/>
        <line num="133" count="1" type="stmt"/>
        <line num="137" count="2377" type="stmt"/>
        <line num="138" count="7838" type="cond" truecount="2" falsecount="0"/>
        <line num="141" count="2377" type="stmt"/>
      </file>
      <file name="grid.js" path="D:\Documents\Programming\Node\3d_map_generator\src\generators\grid.js">
        <metrics statements="39" coveredstatements="39" conditionals="18" coveredconditionals="18" methods="4" coveredmethods="4"/>
        <line num="12" count="7" type="stmt"/>
        <line num="20" count="125" type="stmt"/>
        <line num="23" count="125" type="stmt"/>
        <line num="26" count="125" type="stmt"/>
        <line num="27" count="125" type="stmt"/>
        <line num="30" count="125" type="stmt"/>
        <line num="32" count="125" type="stmt"/>
        <line num="36" count="2035" type="stmt"/>
        <line num="37" count="2035" type="stmt"/>
        <line num="39" count="2035" type="cond" truecount="4" falsecount="0"/>
        <line num="40" count="1080" type="stmt"/>
        <line num="41" count="1080" type="stmt"/>
        <line num="46" count="955" type="cond" truecount="4" falsecount="0"/>
        <line num="47" count="275" type="cond" truecount="2" falsecount="0"/>
        <line num="49" count="680" type="stmt"/>
        <line num="52" count="955" type="cond" truecount="2" falsecount="0"/>
        <line num="54" count="310" type="stmt"/>
        <line num="55" count="310" type="stmt"/>
        <line num="56" count="310" type="stmt"/>
        <line num="58" count="310" type="stmt"/>
        <line num="59" count="310" type="stmt"/>
        <line num="66" count="310" type="stmt"/>
        <line num="67" count="310" type="stmt"/>
        <line num="70" count="645" type="stmt"/>
        <line num="71" count="645" type="stmt"/>
        <line num="72" count="645" type="stmt"/>
        <line num="74" count="645" type="stmt"/>
        <line num="75" count="645" type="stmt"/>
        <line num="82" count="645" type="stmt"/>
        <line num="83" count="645" type="stmt"/>
        <line num="91" count="125" type="stmt"/>
        <line num="92" count="125" type="stmt"/>
        <line num="94" count="125" type="stmt"/>
        <line num="95" count="1741" type="stmt"/>
        <line num="96" count="24329" type="stmt"/>
        <line num="97" count="131859" type="cond" truecount="4" falsecount="0"/>
        <line num="99" count="24329" type="cond" truecount="2" falsecount="0"/>
        <line num="100" count="6290" type="stmt"/>
        <line num="105" count="1741" type="stmt"/>
      </file>
      <file name="walls.js" path="D:\Documents\Programming\Node\3d_map_generator\src\generators\walls.js">
        <metrics statements="112" coveredstatements="111" conditionals="104" coveredconditionals="95" methods="6" coveredmethods="6"/>
        <line num="23" count="4" type="stmt"/>
        <line num="24" count="4" type="stmt"/>
        <line num="25" count="4" type="stmt"/>
        <line num="28" count="40" type="stmt"/>
        <line num="29" count="40" type="stmt"/>
        <line num="31" count="40" type="stmt"/>
        <line num="32" count="636" type="stmt"/>
        <line num="33" count="636" type="stmt"/>
        <line num="35" count="636" type="stmt"/>
        <line num="36" count="1900" type="stmt"/>
        <line num="37" count="1900" type="stmt"/>
        <line num="40" count="1900" type="stmt"/>
        <line num="41" count="1900" type="stmt"/>
        <line num="42" count="1900" type="cond" truecount="3" falsecount="1"/>
        <line num="45" count="1900" type="stmt"/>
        <line num="46" count="1900" type="stmt"/>
        <line num="47" count="6258" type="stmt"/>
        <line num="48" count="12516" type="stmt"/>
        <line num="53" count="1900" type="stmt"/>
        <line num="54" count="1900" type="stmt"/>
        <line num="56" count="1900" type="stmt"/>
        <line num="57" count="3800" type="stmt"/>
        <line num="58" count="3800" type="cond" truecount="1" falsecount="1"/>
        <line num="61" count="3800" type="stmt"/>
        <line num="62" count="3800" type="stmt"/>
        <line num="67" count="40" type="stmt"/>
        <line num="76" count="3800" type="stmt"/>
        <line num="77" count="3800" type="stmt"/>
        <line num="78" count="3800" type="stmt"/>
        <line num="79" count="3800" type="stmt"/>
        <line num="80" count="3800" type="stmt"/>
        <line num="82" count="14098" type="stmt"/>
        <line num="85" count="3800" type="stmt"/>
        <line num="86" count="3800" type="cond" truecount="2" falsecount="0"/>
        <line num="87" count="3800" type="stmt"/>
        <line num="89" count="3800" type="stmt"/>
        <line num="90" count="3232" type="cond" truecount="2" falsecount="0"/>
        <line num="91" count="2186" type="stmt"/>
        <line num="92" count="2186" type="stmt"/>
        <line num="93" count="2186" type="stmt"/>
        <line num="95" count="1046" type="stmt"/>
        <line num="96" count="1046" type="stmt"/>
        <line num="97" count="1370" type="cond" truecount="1" falsecount="1"/>
        <line num="98" count="1370" type="cond" truecount="4" falsecount="0"/>
        <line num="99" count="1370" type="cond" truecount="4" falsecount="0"/>
        <line num="101" count="1046" type="cond" truecount="1" falsecount="1"/>
        <line num="102" count="1046" type="stmt"/>
        <line num="103" count="1046" type="stmt"/>
        <line num="104" count="1046" type="stmt"/>
        <line num="109" count="3800" type="stmt"/>
        <line num="110" count="3800" type="cond" truecount="2" falsecount="0"/>
        <line num="112" count="3800" type="stmt"/>
        <line num="113" count="2636" type="stmt"/>
        <line num="114" count="2636" type="stmt"/>
        <line num="115" count="4690" type="cond" truecount="4" falsecount="0"/>
        <line num="116" count="4690" type="cond" truecount="2" falsecount="0"/>
        <line num="117" count="926" type="cond" truecount="4" falsecount="0"/>
        <line num="118" count="926" type="cond" truecount="4" falsecount="0"/>
        <line num="121" count="2636" type="cond" truecount="2" falsecount="0"/>
        <line num="122" count="2008" type="stmt"/>
        <line num="123" count="2008" type="stmt"/>
        <line num="124" count="2008" type="stmt"/>
        <line num="128" count="3800" type="stmt"/>
        <line num="129" count="3800" type="stmt"/>
        <line num="130" count="14098" type="stmt"/>
        <line num="131" count="28196" type="cond" truecount="2" falsecount="0"/>
        <line num="132" count="22956" type="stmt"/>
        <line num="133" count="22956" type="stmt"/>
        <line num="134" count="22956" type="stmt"/>
        <line num="146" count="3800" type="stmt"/>
        <line num="153" count="3800" type="cond" truecount="1" falsecount="1"/>
        <line num="154" count="3800" type="stmt"/>
        <line num="155" count="3800" type="stmt"/>
        <line num="156" count="22956" type="stmt"/>
        <line num="157" count="22956" type="cond" truecount="2" falsecount="0"/>
        <line num="158" count="22956" type="stmt"/>
        <line num="160" count="3800" type="stmt"/>
        <line num="161" count="3800" type="stmt"/>
        <line num="162" count="15356" type="cond" truecount="2" falsecount="0"/>
        <line num="163" count="7600" type="stmt"/>
        <line num="164" count="7600" type="stmt"/>
        <line num="165" count="15356" type="stmt"/>
        <line num="166" count="15356" type="cond" truecount="2" falsecount="0"/>
        <line num="167" count="15356" type="cond" truecount="2" falsecount="0"/>
        <line num="168" count="15356" type="cond" truecount="4" falsecount="0"/>
        <line num="169" count="14394" type="stmt"/>
        <line num="171" count="962" type="stmt"/>
        <line num="172" count="962" type="stmt"/>
        <line num="175" count="7600" type="stmt"/>
        <line num="177" count="3800" type="stmt"/>
        <line num="180" count="4" type="stmt"/>
        <line num="191" count="3800" type="stmt"/>
        <line num="192" count="3800" type="stmt"/>
        <line num="193" count="3800" type="stmt"/>
        <line num="195" count="3800" type="cond" truecount="4" falsecount="0"/>
        <line num="197" count="1138" type="stmt"/>
        <line num="198" count="1138" type="stmt"/>
        <line num="199" count="1138" type="cond" truecount="3" falsecount="1"/>
        <line num="200" count="1138" type="cond" truecount="6" falsecount="0"/>
        <line num="203" count="830" type="stmt"/>
        <line num="204" count="830" type="stmt"/>
        <line num="205" count="830" type="cond" truecount="3" falsecount="1"/>
        <line num="206" count="830" type="cond" truecount="6" falsecount="0"/>
        <line num="209" count="1060" type="stmt"/>
        <line num="210" count="1060" type="stmt"/>
        <line num="211" count="1060" type="cond" truecount="3" falsecount="1"/>
        <line num="212" count="1060" type="cond" truecount="6" falsecount="0"/>
        <line num="215" count="772" type="stmt"/>
        <line num="216" count="772" type="stmt"/>
        <line num="217" count="772" type="cond" truecount="3" falsecount="1"/>
        <line num="218" count="772" type="cond" truecount="6" falsecount="0"/>
        <line num="221" count="0" type="stmt"/>
      </file>
    </package>
  </project>
</coverage>
