{"D:\\Documents\\Programming\\Node\\3d_map_generator\\src\\config.js": {"path":"D:\\Documents\\Programming\\Node\\3d_map_generator\\src\\config.js","statementMap":{"0":{"start":{"line":6,"column":17},"end":{"line":22,"column":1}},"1":{"start":{"line":25,"column":24},"end":{"line":39,"column":1}},"2":{"start":{"line":42,"column":20},"end":{"line":46,"column":1}},"3":{"start":{"line":49,"column":21},"end":{"line":55,"column":1}},"4":{"start":{"line":58,"column":28},"end":{"line":79,"column":1}},"5":{"start":{"line":82,"column":21},"end":{"line":99,"column":1}},"6":{"start":{"line":102,"column":20},"end":{"line":104,"column":1}},"7":{"start":{"line":107,"column":24},"end":{"line":129,"column":1}},"8":{"start":{"line":132,"column":30},"end":{"line":139,"column":1}},"9":{"start":{"line":143,"column":25},"end":{"line":176,"column":1}},"10":{"start":{"line":180,"column":17},"end":{"line":180,"column":32}},"11":{"start":{"line":182,"column":2},"end":{"line":212,"column":3}},"12":{"start":{"line":182,"column":15},"end":{"line":182,"column":16}},"13":{"start":{"line":183,"column":16},"end":{"line":183,"column":23}},"14":{"start":{"line":185,"column":4},"end":{"line":188,"column":5}},"15":{"start":{"line":186,"column":6},"end":{"line":186,"column":28}},"16":{"start":{"line":187,"column":6},"end":{"line":187,"column":15}},"17":{"start":{"line":190,"column":4},"end":{"line":193,"column":5}},"18":{"start":{"line":191,"column":6},"end":{"line":191,"column":26}},"19":{"start":{"line":192,"column":6},"end":{"line":192,"column":15}},"20":{"start":{"line":195,"column":4},"end":{"line":198,"column":5}},"21":{"start":{"line":196,"column":6},"end":{"line":196,"column":24}},"22":{"start":{"line":197,"column":6},"end":{"line":197,"column":15}},"23":{"start":{"line":200,"column":4},"end":{"line":211,"column":5}},"24":{"start":{"line":201,"column":18},"end":{"line":201,"column":78}},"25":{"start":{"line":201,"column":62},"end":{"line":201,"column":77}},"26":{"start":{"line":203,"column":6},"end":{"line":210,"column":7}},"27":{"start":{"line":204,"column":22},"end":{"line":204,"column":42}},"28":{"start":{"line":205,"column":8},"end":{"line":205,"column":47}},"29":{"start":{"line":206,"column":8},"end":{"line":206,"column":59}},"30":{"start":{"line":207,"column":13},"end":{"line":210,"column":7}},"31":{"start":{"line":208,"column":20},"end":{"line":208,"column":29}},"32":{"start":{"line":209,"column":8},"end":{"line":209,"column":80}},"33":{"start":{"line":214,"column":2},"end":{"line":214,"column":16}}},"fnMap":{"0":{"name":"parseArgs","decl":{"start":{"line":179,"column":16},"end":{"line":179,"column":25}},"loc":{"start":{"line":179,"column":32},"end":{"line":215,"column":1}},"line":179},"1":{"name":"(anonymous_1)","decl":{"start":{"line":201,"column":52},"end":{"line":201,"column":53}},"loc":{"start":{"line":201,"column":62},"end":{"line":201,"column":77}},"line":201}},"branchMap":{"0":{"loc":{"start":{"line":185,"column":4},"end":{"line":188,"column":5}},"type":"if","locations":[{"start":{"line":185,"column":4},"end":{"line":188,"column":5}},{"start":{},"end":{}}],"line":185},"1":{"loc":{"start":{"line":190,"column":4},"end":{"line":193,"column":5}},"type":"if","locations":[{"start":{"line":190,"column":4},"end":{"line":193,"column":5}},{"start":{},"end":{}}],"line":190},"2":{"loc":{"start":{"line":195,"column":4},"end":{"line":198,"column":5}},"type":"if","locations":[{"start":{"line":195,"column":4},"end":{"line":198,"column":5}},{"start":{},"end":{}}],"line":195},"3":{"loc":{"start":{"line":200,"column":4},"end":{"line":211,"column":5}},"type":"if","locations":[{"start":{"line":200,"column":4},"end":{"line":211,"column":5}},{"start":{},"end":{}}],"line":200},"4":{"loc":{"start":{"line":200,"column":8},"end":{"line":200,"column":51}},"type":"binary-expr","locations":[{"start":{"line":200,"column":8},"end":{"line":200,"column":28}},{"start":{"line":200,"column":32},"end":{"line":200,"column":51}}],"line":200},"5":{"loc":{"start":{"line":203,"column":6},"end":{"line":210,"column":7}},"type":"if","locations":[{"start":{"line":203,"column":6},"end":{"line":210,"column":7}},{"start":{"line":207,"column":13},"end":{"line":210,"column":7}}],"line":203},"6":{"loc":{"start":{"line":206,"column":37},"end":{"line":206,"column":57}},"type":"binary-expr","locations":[{"start":{"line":206,"column":37},"end":{"line":206,"column":45}},{"start":{"line":206,"column":49},"end":{"line":206,"column":57}}],"line":206},"7":{"loc":{"start":{"line":207,"column":13},"end":{"line":210,"column":7}},"type":"if","locations":[{"start":{"line":207,"column":13},"end":{"line":210,"column":7}},{"start":{},"end":{}}],"line":207},"8":{"loc":{"start":{"line":209,"column":22},"end":{"line":209,"column":79}},"type":"cond-expr","locations":[{"start":{"line":209,"column":58},"end":{"line":209,"column":73}},{"start":{"line":209,"column":76},"end":{"line":209,"column":79}}],"line":209}},"s":{"0":10,"1":10,"2":10,"3":10,"4":10,"5":10,"6":10,"7":10,"8":10,"9":10,"10":14,"11":14,"12":14,"13":17,"14":17,"15":2,"16":2,"17":15,"18":1,"19":1,"20":14,"21":1,"22":1,"23":13,"24":11,"25":4,"26":11,"27":3,"28":3,"29":3,"30":8,"31":7,"32":7,"33":17},"f":{"0":14,"1":4},"b":{"0":[2,15],"1":[1,14],"2":[1,13],"3":[11,2],"4":[13,12],"5":[3,8],"6":[3,1],"7":[7,1],"8":[6,1]},"meta":{"lastBranch":9,"lastFunction":2,"lastStatement":34,"seen":{"s:6:17:22:1":0,"s:25:24:39:1":1,"s:42:20:46:1":2,"s:49:21:55:1":3,"s:58:28:79:1":4,"s:82:21:99:1":5,"s:102:20:104:1":6,"s:107:24:129:1":7,"s:132:30:139:1":8,"s:143:25:176:1":9,"f:179:16:179:25":0,"s:180:17:180:32":10,"s:182:2:212:3":11,"s:182:15:182:16":12,"s:183:16:183:23":13,"b:185:4:188:5:undefined:undefined:undefined:undefined":0,"s:185:4:188:5":14,"s:186:6:186:28":15,"s:187:6:187:15":16,"b:190:4:193:5:undefined:undefined:undefined:undefined":1,"s:190:4:193:5":17,"s:191:6:191:26":18,"s:192:6:192:15":19,"b:195:4:198:5:undefined:undefined:undefined:undefined":2,"s:195:4:198:5":20,"s:196:6:196:24":21,"s:197:6:197:15":22,"b:200:4:211:5:undefined:undefined:undefined:undefined":3,"s:200:4:211:5":23,"b:200:8:200:28:200:32:200:51":4,"s:201:18:201:78":24,"f:201:52:201:53":1,"s:201:62:201:77":25,"b:203:6:210:7:207:13:210:7":5,"s:203:6:210:7":26,"s:204:22:204:42":27,"s:205:8:205:47":28,"s:206:8:206:59":29,"b:206:37:206:45:206:49:206:57":6,"b:207:13:210:7:undefined:undefined:undefined:undefined":7,"s:207:13:210:7":30,"s:208:20:208:29":31,"s:209:8:209:80":32,"b:209:58:209:73:209:76:209:79":8,"s:214:2:214:16":33}}}
,"D:\\Documents\\Programming\\Node\\3d_map_generator\\src\\core\\geometry.js": {"path":"D:\\Documents\\Programming\\Node\\3d_map_generator\\src\\core\\geometry.js","statementMap":{"0":{"start":{"line":18,"column":18},"end":{"line":18,"column":38}},"1":{"start":{"line":21,"column":19},"end":{"line":21,"column":62}},"2":{"start":{"line":24,"column":13},"end":{"line":24,"column":40}},"3":{"start":{"line":25,"column":2},"end":{"line":57,"column":3}},"4":{"start":{"line":30,"column":17},"end":{"line":30,"column":41}},"5":{"start":{"line":31,"column":17},"end":{"line":31,"column":41}},"6":{"start":{"line":32,"column":19},"end":{"line":39,"column":5}},"7":{"start":{"line":42,"column":18},"end":{"line":42,"column":42}},"8":{"start":{"line":42,"column":25},"end":{"line":42,"column":42}},"9":{"start":{"line":43,"column":23},"end":{"line":43,"column":39}},"10":{"start":{"line":44,"column":28},"end":{"line":44,"column":44}},"11":{"start":{"line":45,"column":17},"end":{"line":45,"column":41}},"12":{"start":{"line":46,"column":17},"end":{"line":46,"column":51}},"13":{"start":{"line":48,"column":4},"end":{"line":55,"column":5}},"14":{"start":{"line":48,"column":20},"end":{"line":48,"column":21}},"15":{"start":{"line":49,"column":23},"end":{"line":49,"column":35}},"16":{"start":{"line":50,"column":6},"end":{"line":54,"column":7}},"17":{"start":{"line":50,"column":19},"end":{"line":50,"column":20}},"18":{"start":{"line":51,"column":20},"end":{"line":51,"column":32}},"19":{"start":{"line":52,"column":8},"end":{"line":52,"column":47}},"20":{"start":{"line":53,"column":8},"end":{"line":53,"column":47}},"21":{"start":{"line":56,"column":4},"end":{"line":56,"column":26}},"22":{"start":{"line":59,"column":15},"end":{"line":59,"column":49}},"23":{"start":{"line":60,"column":2},"end":{"line":60,"column":29}},"24":{"start":{"line":61,"column":2},"end":{"line":61,"column":14}},"25":{"start":{"line":76,"column":2},"end":{"line":85,"column":4}},"26":{"start":{"line":102,"column":12},"end":{"line":102,"column":45}},"27":{"start":{"line":103,"column":12},"end":{"line":103,"column":45}},"28":{"start":{"line":105,"column":2},"end":{"line":113,"column":4}},"29":{"start":{"line":120,"column":20},"end":{"line":120,"column":22}},"30":{"start":{"line":121,"column":18},"end":{"line":121,"column":20}},"31":{"start":{"line":122,"column":14},"end":{"line":122,"column":16}},"32":{"start":{"line":123,"column":18},"end":{"line":123,"column":20}},"33":{"start":{"line":124,"column":20},"end":{"line":124,"column":21}},"34":{"start":{"line":126,"column":2},"end":{"line":145,"column":3}},"35":{"start":{"line":127,"column":16},"end":{"line":127,"column":44}},"36":{"start":{"line":128,"column":17},"end":{"line":128,"column":43}},"37":{"start":{"line":129,"column":15},"end":{"line":129,"column":37}},"38":{"start":{"line":130,"column":16},"end":{"line":130,"column":30}},"39":{"start":{"line":132,"column":4},"end":{"line":136,"column":5}},"40":{"start":{"line":132,"column":17},"end":{"line":132,"column":18}},"41":{"start":{"line":133,"column":6},"end":{"line":133,"column":60}},"42":{"start":{"line":134,"column":6},"end":{"line":134,"column":71}},"43":{"start":{"line":134,"column":16},"end":{"line":134,"column":71}},"44":{"start":{"line":135,"column":6},"end":{"line":135,"column":47}},"45":{"start":{"line":135,"column":14},"end":{"line":135,"column":47}},"46":{"start":{"line":138,"column":4},"end":{"line":142,"column":5}},"47":{"start":{"line":139,"column":6},"end":{"line":141,"column":7}},"48":{"start":{"line":139,"column":19},"end":{"line":139,"column":20}},"49":{"start":{"line":140,"column":8},"end":{"line":140,"column":49}},"50":{"start":{"line":144,"column":4},"end":{"line":144,"column":29}},"51":{"start":{"line":147,"column":17},"end":{"line":147,"column":43}},"52":{"start":{"line":148,"column":2},"end":{"line":148,"column":82}},"53":{"start":{"line":149,"column":2},"end":{"line":149,"column":98}},"54":{"start":{"line":149,"column":22},"end":{"line":149,"column":98}},"55":{"start":{"line":150,"column":2},"end":{"line":150,"column":86}},"56":{"start":{"line":150,"column":18},"end":{"line":150,"column":86}},"57":{"start":{"line":151,"column":2},"end":{"line":151,"column":47}},"58":{"start":{"line":151,"column":22},"end":{"line":151,"column":47}},"59":{"start":{"line":153,"column":2},"end":{"line":153,"column":16}},"60":{"start":{"line":166,"column":61},"end":{"line":166,"column":65}},"61":{"start":{"line":167,"column":17},"end":{"line":167,"column":38}},"62":{"start":{"line":168,"column":2},"end":{"line":168,"column":31}},"63":{"start":{"line":168,"column":19},"end":{"line":168,"column":31}},"64":{"start":{"line":170,"column":19},"end":{"line":170,"column":20}},"65":{"start":{"line":171,"column":21},"end":{"line":171,"column":23}},"66":{"start":{"line":174,"column":18},"end":{"line":174,"column":37}},"67":{"start":{"line":175,"column":22},"end":{"line":175,"column":51}},"68":{"start":{"line":178,"column":13},"end":{"line":178,"column":36}},"69":{"start":{"line":179,"column":13},"end":{"line":179,"column":36}},"70":{"start":{"line":180,"column":13},"end":{"line":180,"column":35}},"71":{"start":{"line":182,"column":21},"end":{"line":182,"column":63}},"72":{"start":{"line":185,"column":2},"end":{"line":193,"column":3}},"73":{"start":{"line":186,"column":20},"end":{"line":186,"column":88}},"74":{"start":{"line":187,"column":4},"end":{"line":191,"column":5}},"75":{"start":{"line":188,"column":6},"end":{"line":188,"column":56}},"76":{"start":{"line":190,"column":6},"end":{"line":190,"column":56}},"77":{"start":{"line":192,"column":4},"end":{"line":192,"column":29}},"78":{"start":{"line":196,"column":20},"end":{"line":196,"column":52}},"79":{"start":{"line":197,"column":21},"end":{"line":197,"column":35}},"80":{"start":{"line":198,"column":2},"end":{"line":212,"column":3}},"81":{"start":{"line":198,"column":15},"end":{"line":198,"column":16}},"82":{"start":{"line":199,"column":15},"end":{"line":199,"column":42}},"83":{"start":{"line":200,"column":4},"end":{"line":200,"column":51}},"84":{"start":{"line":200,"column":45},"end":{"line":200,"column":51}},"85":{"start":{"line":202,"column":20},"end":{"line":202,"column":92}},"86":{"start":{"line":204,"column":4},"end":{"line":210,"column":5}},"87":{"start":{"line":205,"column":6},"end":{"line":205,"column":35}},"88":{"start":{"line":206,"column":6},"end":{"line":206,"column":36}},"89":{"start":{"line":208,"column":6},"end":{"line":208,"column":35}},"90":{"start":{"line":209,"column":6},"end":{"line":209,"column":36}},"91":{"start":{"line":211,"column":4},"end":{"line":211,"column":29}},"92":{"start":{"line":214,"column":2},"end":{"line":214,"column":43}},"93":{"start":{"line":214,"column":31},"end":{"line":214,"column":43}},"94":{"start":{"line":216,"column":17},"end":{"line":216,"column":50}},"95":{"start":{"line":217,"column":2},"end":{"line":217,"column":41}},"96":{"start":{"line":217,"column":28},"end":{"line":217,"column":39}},"97":{"start":{"line":219,"column":15},"end":{"line":219,"column":47}},"98":{"start":{"line":220,"column":2},"end":{"line":220,"column":14}}},"fnMap":{"0":{"name":"createSlab","decl":{"start":{"line":20,"column":16},"end":{"line":20,"column":26}},"loc":{"start":{"line":20,"column":95},"end":{"line":62,"column":1}},"line":20},"1":{"name":"(anonymous_1)","decl":{"start":{"line":42,"column":18},"end":{"line":42,"column":19}},"loc":{"start":{"line":42,"column":25},"end":{"line":42,"column":42}},"line":42},"2":{"name":"createFloorSlab","decl":{"start":{"line":75,"column":16},"end":{"line":75,"column":31}},"loc":{"start":{"line":75,"column":68},"end":{"line":86,"column":1}},"line":75},"3":{"name":"createWallSlab","decl":{"start":{"line":101,"column":16},"end":{"line":101,"column":30}},"loc":{"start":{"line":101,"column":83},"end":{"line":114,"column":1}},"line":101},"4":{"name":"mergeBufferGeometries","decl":{"start":{"line":119,"column":9},"end":{"line":119,"column":30}},"loc":{"start":{"line":119,"column":43},"end":{"line":154,"column":1}},"line":119},"5":{"name":"createLadderMesh","decl":{"start":{"line":165,"column":16},"end":{"line":165,"column":32}},"loc":{"start":{"line":165,"column":57},"end":{"line":221,"column":1}},"line":165},"6":{"name":"(anonymous_6)","decl":{"start":{"line":217,"column":21},"end":{"line":217,"column":22}},"loc":{"start":{"line":217,"column":28},"end":{"line":217,"column":39}},"line":217}},"branchMap":{"0":{"loc":{"start":{"line":20,"column":68},"end":{"line":20,"column":93}},"type":"default-arg","locations":[{"start":{"line":20,"column":91},"end":{"line":20,"column":93}}],"line":20},"1":{"loc":{"start":{"line":20,"column":70},"end":{"line":20,"column":86}},"type":"default-arg","locations":[{"start":{"line":20,"column":81},"end":{"line":20,"column":86}}],"line":20},"2":{"loc":{"start":{"line":25,"column":2},"end":{"line":57,"column":3}},"type":"if","locations":[{"start":{"line":25,"column":2},"end":{"line":57,"column":3}},{"start":{},"end":{}}],"line":25},"3":{"loc":{"start":{"line":30,"column":17},"end":{"line":30,"column":41}},"type":"cond-expr","locations":[{"start":{"line":30,"column":28},"end":{"line":30,"column":33}},{"start":{"line":30,"column":36},"end":{"line":30,"column":41}}],"line":30},"4":{"loc":{"start":{"line":31,"column":17},"end":{"line":31,"column":41}},"type":"cond-expr","locations":[{"start":{"line":31,"column":28},"end":{"line":31,"column":33}},{"start":{"line":31,"column":36},"end":{"line":31,"column":41}}],"line":31},"5":{"loc":{"start":{"line":102,"column":12},"end":{"line":102,"column":45}},"type":"cond-expr","locations":[{"start":{"line":102,"column":27},"end":{"line":102,"column":33}},{"start":{"line":102,"column":36},"end":{"line":102,"column":45}}],"line":102},"6":{"loc":{"start":{"line":103,"column":12},"end":{"line":103,"column":45}},"type":"cond-expr","locations":[{"start":{"line":103,"column":27},"end":{"line":103,"column":33}},{"start":{"line":103,"column":36},"end":{"line":103,"column":45}}],"line":103},"7":{"loc":{"start":{"line":134,"column":6},"end":{"line":134,"column":71}},"type":"if","locations":[{"start":{"line":134,"column":6},"end":{"line":134,"column":71}},{"start":{},"end":{}}],"line":134},"8":{"loc":{"start":{"line":135,"column":6},"end":{"line":135,"column":47}},"type":"if","locations":[{"start":{"line":135,"column":6},"end":{"line":135,"column":47}},{"start":{},"end":{}}],"line":135},"9":{"loc":{"start":{"line":138,"column":4},"end":{"line":142,"column":5}},"type":"if","locations":[{"start":{"line":138,"column":4},"end":{"line":142,"column":5}},{"start":{},"end":{}}],"line":138},"10":{"loc":{"start":{"line":149,"column":2},"end":{"line":149,"column":98}},"type":"if","locations":[{"start":{"line":149,"column":2},"end":{"line":149,"column":98}},{"start":{},"end":{}}],"line":149},"11":{"loc":{"start":{"line":150,"column":2},"end":{"line":150,"column":86}},"type":"if","locations":[{"start":{"line":150,"column":2},"end":{"line":150,"column":86}},{"start":{},"end":{}}],"line":150},"12":{"loc":{"start":{"line":151,"column":2},"end":{"line":151,"column":47}},"type":"if","locations":[{"start":{"line":151,"column":2},"end":{"line":151,"column":47}},{"start":{},"end":{}}],"line":151},"13":{"loc":{"start":{"line":168,"column":2},"end":{"line":168,"column":31}},"type":"if","locations":[{"start":{"line":168,"column":2},"end":{"line":168,"column":31}},{"start":{},"end":{}}],"line":168},"14":{"loc":{"start":{"line":175,"column":22},"end":{"line":175,"column":51}},"type":"cond-expr","locations":[{"start":{"line":175,"column":32},"end":{"line":175,"column":40}},{"start":{"line":175,"column":43},"end":{"line":175,"column":51}}],"line":175},"15":{"loc":{"start":{"line":187,"column":4},"end":{"line":191,"column":5}},"type":"if","locations":[{"start":{"line":187,"column":4},"end":{"line":191,"column":5}},{"start":{"line":189,"column":11},"end":{"line":191,"column":5}}],"line":187},"16":{"loc":{"start":{"line":200,"column":4},"end":{"line":200,"column":51}},"type":"if","locations":[{"start":{"line":200,"column":4},"end":{"line":200,"column":51}},{"start":{},"end":{}}],"line":200},"17":{"loc":{"start":{"line":204,"column":4},"end":{"line":210,"column":5}},"type":"if","locations":[{"start":{"line":204,"column":4},"end":{"line":210,"column":5}},{"start":{"line":207,"column":11},"end":{"line":210,"column":5}}],"line":204},"18":{"loc":{"start":{"line":214,"column":2},"end":{"line":214,"column":43}},"type":"if","locations":[{"start":{"line":214,"column":2},"end":{"line":214,"column":43}},{"start":{},"end":{}}],"line":214}},"s":{"0":1,"1":11,"2":11,"3":11,"4":11,"5":11,"6":11,"7":11,"8":22,"9":11,"10":11,"11":11,"12":11,"13":11,"14":11,"15":66,"16":66,"17":66,"18":264,"19":264,"20":264,"21":11,"22":11,"23":11,"24":11,"25":2,"26":3,"27":3,"28":3,"29":6,"30":6,"31":6,"32":6,"33":6,"34":6,"35":36,"36":36,"37":36,"38":36,"39":36,"40":36,"41":1440,"42":1440,"43":1440,"44":1440,"45":1440,"46":36,"47":36,"48":36,"49":2592,"50":36,"51":6,"52":6,"53":6,"54":6,"55":6,"56":6,"57":6,"58":6,"59":6,"60":8,"61":8,"62":8,"63":2,"64":6,"65":6,"66":6,"67":6,"68":8,"69":8,"70":8,"71":8,"72":8,"73":12,"74":12,"75":10,"76":2,"77":12,"78":6,"79":6,"80":6,"81":6,"82":30,"83":30,"84":6,"85":24,"86":24,"87":21,"88":21,"89":3,"90":3,"91":24,"92":6,"93":0,"94":6,"95":6,"96":36,"97":6,"98":6},"f":{"0":11,"1":22,"2":2,"3":3,"4":6,"5":8,"6":36},"b":{"0":[11],"1":[11],"2":[11,0],"3":[1,10],"4":[1,10],"5":[2,1],"6":[1,2],"7":[1440,0],"8":[1440,0],"9":[36,0],"10":[6,0],"11":[6,0],"12":[6,0],"13":[2,6],"14":[5,1],"15":[10,2],"16":[6,24],"17":[21,3],"18":[0,6]},"meta":{"lastBranch":19,"lastFunction":7,"lastStatement":99,"seen":{"s:18:18:18:38":0,"f:20:16:20:26":0,"b:20:91:20:93":0,"b:20:81:20:86":1,"s:21:19:21:62":1,"s:24:13:24:40":2,"b:25:2:57:3:undefined:undefined:undefined:undefined":2,"s:25:2:57:3":3,"s:30:17:30:41":4,"b:30:28:30:33:30:36:30:41":3,"s:31:17:31:41":5,"b:31:28:31:33:31:36:31:41":4,"s:32:19:39:5":6,"s:42:18:42:42":7,"f:42:18:42:19":1,"s:42:25:42:42":8,"s:43:23:43:39":9,"s:44:28:44:44":10,"s:45:17:45:41":11,"s:46:17:46:51":12,"s:48:4:55:5":13,"s:48:20:48:21":14,"s:49:23:49:35":15,"s:50:6:54:7":16,"s:50:19:50:20":17,"s:51:20:51:32":18,"s:52:8:52:47":19,"s:53:8:53:47":20,"s:56:4:56:26":21,"s:59:15:59:49":22,"s:60:2:60:29":23,"s:61:2:61:14":24,"f:75:16:75:31":2,"s:76:2:85:4":25,"f:101:16:101:30":3,"s:102:12:102:45":26,"b:102:27:102:33:102:36:102:45":5,"s:103:12:103:45":27,"b:103:27:103:33:103:36:103:45":6,"s:105:2:113:4":28,"f:119:9:119:30":4,"s:120:20:120:22":29,"s:121:18:121:20":30,"s:122:14:122:16":31,"s:123:18:123:20":32,"s:124:20:124:21":33,"s:126:2:145:3":34,"s:127:16:127:44":35,"s:128:17:128:43":36,"s:129:15:129:37":37,"s:130:16:130:30":38,"s:132:4:136:5":39,"s:132:17:132:18":40,"s:133:6:133:60":41,"b:134:6:134:71:undefined:undefined:undefined:undefined":7,"s:134:6:134:71":42,"s:134:16:134:71":43,"b:135:6:135:47:undefined:undefined:undefined:undefined":8,"s:135:6:135:47":44,"s:135:14:135:47":45,"b:138:4:142:5:undefined:undefined:undefined:undefined":9,"s:138:4:142:5":46,"s:139:6:141:7":47,"s:139:19:139:20":48,"s:140:8:140:49":49,"s:144:4:144:29":50,"s:147:17:147:43":51,"s:148:2:148:82":52,"b:149:2:149:98:undefined:undefined:undefined:undefined":10,"s:149:2:149:98":53,"s:149:22:149:98":54,"b:150:2:150:86:undefined:undefined:undefined:undefined":11,"s:150:2:150:86":55,"s:150:18:150:86":56,"b:151:2:151:47:undefined:undefined:undefined:undefined":12,"s:151:2:151:47":57,"s:151:22:151:47":58,"s:153:2:153:16":59,"f:165:16:165:32":5,"s:166:61:166:65":60,"s:167:17:167:38":61,"b:168:2:168:31:undefined:undefined:undefined:undefined":13,"s:168:2:168:31":62,"s:168:19:168:31":63,"s:170:19:170:20":64,"s:171:21:171:23":65,"s:174:18:174:37":66,"s:175:22:175:51":67,"b:175:32:175:40:175:43:175:51":14,"s:178:13:178:36":68,"s:179:13:179:36":69,"s:180:13:180:35":70,"s:182:21:182:63":71,"s:185:2:193:3":72,"s:186:20:186:88":73,"b:187:4:191:5:189:11:191:5":15,"s:187:4:191:5":74,"s:188:6:188:56":75,"s:190:6:190:56":76,"s:192:4:192:29":77,"s:196:20:196:52":78,"s:197:21:197:35":79,"s:198:2:212:3":80,"s:198:15:198:16":81,"s:199:15:199:42":82,"b:200:4:200:51:undefined:undefined:undefined:undefined":16,"s:200:4:200:51":83,"s:200:45:200:51":84,"s:202:20:202:92":85,"b:204:4:210:5:207:11:210:5":17,"s:204:4:210:5":86,"s:205:6:205:35":87,"s:206:6:206:36":88,"s:208:6:208:35":89,"s:209:6:209:36":90,"s:211:4:211:29":91,"b:214:2:214:43:undefined:undefined:undefined:undefined":18,"s:214:2:214:43":92,"s:214:31:214:43":93,"s:216:17:216:50":94,"s:217:2:217:41":95,"f:217:21:217:22":6,"s:217:28:217:39":96,"s:219:15:219:47":97,"s:220:2:220:14":98}}}
,"D:\\Documents\\Programming\\Node\\3d_map_generator\\src\\core\\rng.js": {"path":"D:\\Documents\\Programming\\Node\\3d_map_generator\\src\\core\\rng.js","statementMap":{"0":{"start":{"line":7,"column":14},"end":{"line":7,"column":22}},"1":{"start":{"line":10,"column":4},"end":{"line":10,"column":null}},"2":{"start":{"line":11,"column":4},"end":{"line":11,"column":null}},"3":{"start":{"line":12,"column":12},"end":{"line":12,"column":56}},"4":{"start":{"line":13,"column":4},"end":{"line":13,"column":null}},"5":{"start":{"line":14,"column":4},"end":{"line":14,"column":null}},"6":{"start":{"line":17,"column":2},"end":{"line":51,"column":null}},"7":{"start":{"line":20,"column":6},"end":{"line":20,"column":null}},"8":{"start":{"line":25,"column":6},"end":{"line":25,"column":null}},"9":{"start":{"line":30,"column":6},"end":{"line":30,"column":null}},"10":{"start":{"line":35,"column":6},"end":{"line":35,"column":null}},"11":{"start":{"line":40,"column":6},"end":{"line":40,"column":null}},"12":{"start":{"line":45,"column":6},"end":{"line":48,"column":null}},"13":{"start":{"line":45,"column":19},"end":{"line":45,"column":35}},"14":{"start":{"line":46,"column":18},"end":{"line":46,"column":46}},"15":{"start":{"line":47,"column":8},"end":{"line":47,"column":null}},"16":{"start":{"line":49,"column":6},"end":{"line":49,"column":null}}},"fnMap":{"0":{"name":"createRng","decl":{"start":{"line":6,"column":16},"end":{"line":6,"column":25}},"loc":{"start":{"line":6,"column":32},"end":{"line":52,"column":null}},"line":6},"1":{"name":"next","decl":{"start":{"line":9,"column":11},"end":{"line":9,"column":15}},"loc":{"start":{"line":9,"column":18},"end":{"line":15,"column":null}},"line":9},"2":{"name":"(anonymous_2)","decl":{"start":{"line":19,"column":4},"end":{"line":19,"column":10}},"loc":{"start":{"line":19,"column":13},"end":{"line":21,"column":5}},"line":19},"3":{"name":"(anonymous_3)","decl":{"start":{"line":24,"column":4},"end":{"line":24,"column":7}},"loc":{"start":{"line":24,"column":18},"end":{"line":26,"column":5}},"line":24},"4":{"name":"(anonymous_4)","decl":{"start":{"line":29,"column":4},"end":{"line":29,"column":9}},"loc":{"start":{"line":29,"column":20},"end":{"line":31,"column":5}},"line":29},"5":{"name":"(anonymous_5)","decl":{"start":{"line":34,"column":4},"end":{"line":34,"column":10}},"loc":{"start":{"line":34,"column":24},"end":{"line":36,"column":5}},"line":34},"6":{"name":"(anonymous_6)","decl":{"start":{"line":39,"column":4},"end":{"line":39,"column":8}},"loc":{"start":{"line":39,"column":16},"end":{"line":41,"column":5}},"line":39},"7":{"name":"(anonymous_7)","decl":{"start":{"line":44,"column":4},"end":{"line":44,"column":11}},"loc":{"start":{"line":44,"column":19},"end":{"line":50,"column":5}},"line":44}},"branchMap":{},"s":{"0":145,"1":75259,"2":75259,"3":75259,"4":75259,"5":75259,"6":145,"7":2526,"8":13467,"9":12019,"10":28164,"11":7304,"12":2233,"13":2233,"14":11779,"15":11779,"16":2233},"f":{"0":145,"1":75259,"2":2526,"3":13467,"4":12019,"5":28164,"6":7304,"7":2233},"b":{},"meta":{"lastBranch":0,"lastFunction":8,"lastStatement":17,"seen":{"f:6:16:6:25":0,"s:7:14:7:22":0,"f:9:11:9:15":1,"s:10:4:10:Infinity":1,"s:11:4:11:Infinity":2,"s:12:12:12:56":3,"s:13:4:13:Infinity":4,"s:14:4:14:Infinity":5,"s:17:2:51:Infinity":6,"f:19:4:19:10":2,"s:20:6:20:Infinity":7,"f:24:4:24:7":3,"s:25:6:25:Infinity":8,"f:29:4:29:9":4,"s:30:6:30:Infinity":9,"f:34:4:34:10":5,"s:35:6:35:Infinity":10,"f:39:4:39:8":6,"s:40:6:40:Infinity":11,"f:44:4:44:11":7,"s:45:6:48:Infinity":12,"s:45:19:45:35":13,"s:46:18:46:46":14,"s:47:8:47:Infinity":15,"s:49:6:49:Infinity":16}}}
,"D:\\Documents\\Programming\\Node\\3d_map_generator\\src\\core\\spatial.js": {"path":"D:\\Documents\\Programming\\Node\\3d_map_generator\\src\\core\\spatial.js","statementMap":{"0":{"start":{"line":10,"column":2},"end":{"line":11,"column":null}},"1":{"start":{"line":19,"column":12},"end":{"line":19,"column":60}},"2":{"start":{"line":20,"column":12},"end":{"line":20,"column":60}},"3":{"start":{"line":21,"column":2},"end":{"line":28,"column":null}},"4":{"start":{"line":35,"column":13},"end":{"line":35,"column":32}},"5":{"start":{"line":36,"column":2},"end":{"line":37,"column":null}},"6":{"start":{"line":45,"column":13},"end":{"line":45,"column":40}},"7":{"start":{"line":46,"column":13},"end":{"line":46,"column":40}},"8":{"start":{"line":47,"column":13},"end":{"line":47,"column":27}},"9":{"start":{"line":48,"column":13},"end":{"line":48,"column":27}},"10":{"start":{"line":49,"column":2},"end":{"line":54,"column":null}},"11":{"start":{"line":50,"column":12},"end":{"line":50,"column":null}},"12":{"start":{"line":51,"column":12},"end":{"line":51,"column":null}},"13":{"start":{"line":52,"column":12},"end":{"line":52,"column":null}},"14":{"start":{"line":53,"column":12},"end":{"line":53,"column":null}}},"fnMap":{"0":{"name":"rectsOverlap","decl":{"start":{"line":9,"column":16},"end":{"line":9,"column":28}},"loc":{"start":{"line":9,"column":35},"end":{"line":12,"column":null}},"line":9},"1":{"name":"getWallBounds","decl":{"start":{"line":18,"column":16},"end":{"line":18,"column":29}},"loc":{"start":{"line":18,"column":36},"end":{"line":29,"column":null}},"line":18},"2":{"name":"rectCollidesWithWall","decl":{"start":{"line":34,"column":16},"end":{"line":34,"column":36}},"loc":{"start":{"line":34,"column":61},"end":{"line":38,"column":null}},"line":34},"3":{"name":"getQuadrantRect","decl":{"start":{"line":44,"column":16},"end":{"line":44,"column":31}},"loc":{"start":{"line":44,"column":52},"end":{"line":55,"column":null}},"line":44}},"branchMap":{"0":{"loc":{"start":{"line":10,"column":9},"end":{"line":11,"column":43}},"type":"binary-expr","locations":[{"start":{"line":10,"column":9},"end":{"line":10,"column":24}},{"start":{"line":10,"column":28},"end":{"line":10,"column":43}},{"start":{"line":11,"column":9},"end":{"line":11,"column":24}},{"start":{"line":11,"column":28},"end":{"line":11,"column":43}}],"line":10},"1":{"loc":{"start":{"line":19,"column":12},"end":{"line":19,"column":60}},"type":"cond-expr","locations":[{"start":{"line":19,"column":32},"end":{"line":19,"column":43}},{"start":{"line":19,"column":46},"end":{"line":19,"column":60}}],"line":19},"2":{"loc":{"start":{"line":20,"column":12},"end":{"line":20,"column":60}},"type":"cond-expr","locations":[{"start":{"line":20,"column":32},"end":{"line":20,"column":43}},{"start":{"line":20,"column":46},"end":{"line":20,"column":60}}],"line":20},"3":{"loc":{"start":{"line":34,"column":49},"end":{"line":34,"column":59}},"type":"default-arg","locations":[{"start":{"line":34,"column":58},"end":{"line":34,"column":59}}],"line":34},"4":{"loc":{"start":{"line":36,"column":9},"end":{"line":37,"column":67}},"type":"binary-expr","locations":[{"start":{"line":36,"column":9},"end":{"line":36,"column":32}},{"start":{"line":36,"column":36},"end":{"line":36,"column":67}},{"start":{"line":37,"column":9},"end":{"line":37,"column":32}},{"start":{"line":37,"column":36},"end":{"line":37,"column":67}}],"line":36},"5":{"loc":{"start":{"line":49,"column":2},"end":{"line":54,"column":null}},"type":"switch","locations":[{"start":{"line":50,"column":4},"end":{"line":50,"column":null}},{"start":{"line":51,"column":4},"end":{"line":51,"column":null}},{"start":{"line":52,"column":4},"end":{"line":52,"column":null}},{"start":{"line":53,"column":4},"end":{"line":53,"column":null}}],"line":49}},"s":{"0":41644,"1":42434,"2":42434,"3":42434,"4":42432,"5":42432,"6":602,"7":602,"8":602,"9":602,"10":602,"11":141,"12":107,"13":159,"14":195},"f":{"0":41644,"1":42434,"2":42432,"3":602},"b":{"0":[41644,19892,2815,1386],"1":[22947,19487],"2":[19487,22947],"3":[42432],"4":[42432,19129,5701,3385],"5":[141,107,159,195]},"meta":{"lastBranch":6,"lastFunction":4,"lastStatement":15,"seen":{"f:9:16:9:28":0,"s:10:2:11:Infinity":0,"b:10:9:10:24:10:28:10:43:11:9:11:24:11:28:11:43":0,"f:18:16:18:29":1,"s:19:12:19:60":1,"b:19:32:19:43:19:46:19:60":1,"s:20:12:20:60":2,"b:20:32:20:43:20:46:20:60":2,"s:21:2:28:Infinity":3,"f:34:16:34:36":2,"b:34:58:34:59":3,"s:35:13:35:32":4,"s:36:2:37:Infinity":5,"b:36:9:36:32:36:36:36:67:37:9:37:32:37:36:37:67":4,"f:44:16:44:31":3,"s:45:13:45:40":6,"s:46:13:46:40":7,"s:47:13:47:27":8,"s:48:13:48:27":9,"b:50:4:50:Infinity:51:4:51:Infinity:52:4:52:Infinity:53:4:53:Infinity":5,"s:49:2:54:Infinity":10,"s:50:12:50:Infinity":11,"s:51:12:51:Infinity":12,"s:52:12:52:Infinity":13,"s:53:12:53:Infinity":14}}}
,"D:\\Documents\\Programming\\Node\\3d_map_generator\\src\\export\\collision-exporter.js": {"path":"D:\\Documents\\Programming\\Node\\3d_map_generator\\src\\export\\collision-exporter.js","statementMap":{"0":{"start":{"line":19,"column":25},"end":{"line":26,"column":1}},"1":{"start":{"line":32,"column":17},"end":{"line":32,"column":19}},"2":{"start":{"line":33,"column":2},"end":{"line":43,"column":5}},"3":{"start":{"line":34,"column":4},"end":{"line":34,"column":30}},"4":{"start":{"line":34,"column":23},"end":{"line":34,"column":30}},"5":{"start":{"line":35,"column":17},"end":{"line":35,"column":33}},"6":{"start":{"line":36,"column":4},"end":{"line":38,"column":5}},"7":{"start":{"line":36,"column":37},"end":{"line":36,"column":55}},"8":{"start":{"line":37,"column":6},"end":{"line":37,"column":25}},"9":{"start":{"line":40,"column":4},"end":{"line":42,"column":5}},"10":{"start":{"line":41,"column":6},"end":{"line":41,"column":25}},"11":{"start":{"line":45,"column":2},"end":{"line":48,"column":3}},"12":{"start":{"line":46,"column":4},"end":{"line":46,"column":47}},"13":{"start":{"line":47,"column":4},"end":{"line":47,"column":16}},"14":{"start":{"line":51,"column":17},"end":{"line":51,"column":37}},"15":{"start":{"line":53,"column":19},"end":{"line":53,"column":21}},"16":{"start":{"line":54,"column":21},"end":{"line":54,"column":22}},"17":{"start":{"line":56,"column":2},"end":{"line":56,"column":45}},"18":{"start":{"line":57,"column":2},"end":{"line":57,"column":20}},"19":{"start":{"line":59,"column":2},"end":{"line":87,"column":3}},"20":{"start":{"line":60,"column":4},"end":{"line":60,"column":33}},"21":{"start":{"line":61,"column":16},"end":{"line":61,"column":37}},"22":{"start":{"line":62,"column":4},"end":{"line":62,"column":39}},"23":{"start":{"line":64,"column":21},"end":{"line":64,"column":49}},"24":{"start":{"line":65,"column":18},"end":{"line":65,"column":32}},"25":{"start":{"line":67,"column":4},"end":{"line":67,"column":51}},"26":{"start":{"line":70,"column":4},"end":{"line":72,"column":5}},"27":{"start":{"line":70,"column":17},"end":{"line":70,"column":18}},"28":{"start":{"line":71,"column":6},"end":{"line":71,"column":118}},"29":{"start":{"line":75,"column":4},"end":{"line":82,"column":5}},"30":{"start":{"line":76,"column":6},"end":{"line":81,"column":7}},"31":{"start":{"line":76,"column":19},"end":{"line":76,"column":20}},"32":{"start":{"line":77,"column":18},"end":{"line":77,"column":47}},"33":{"start":{"line":78,"column":18},"end":{"line":78,"column":51}},"34":{"start":{"line":79,"column":18},"end":{"line":79,"column":51}},"35":{"start":{"line":80,"column":8},"end":{"line":80,"column":42}},"36":{"start":{"line":84,"column":4},"end":{"line":84,"column":35}},"37":{"start":{"line":85,"column":4},"end":{"line":85,"column":22}},"38":{"start":{"line":86,"column":4},"end":{"line":86,"column":18}},"39":{"start":{"line":89,"column":24},"end":{"line":89,"column":73}},"40":{"start":{"line":90,"column":2},"end":{"line":90,"column":54}},"41":{"start":{"line":91,"column":2},"end":{"line":91,"column":23}}},"fnMap":{"0":{"name":"exportCollisionObj","decl":{"start":{"line":31,"column":22},"end":{"line":31,"column":40}},"loc":{"start":{"line":31,"column":69},"end":{"line":92,"column":1}},"line":31},"1":{"name":"(anonymous_1)","decl":{"start":{"line":33,"column":17},"end":{"line":33,"column":18}},"loc":{"start":{"line":33,"column":28},"end":{"line":43,"column":3}},"line":33},"2":{"name":"(anonymous_2)","decl":{"start":{"line":36,"column":30},"end":{"line":36,"column":31}},"loc":{"start":{"line":36,"column":37},"end":{"line":36,"column":55}},"line":36}},"branchMap":{"0":{"loc":{"start":{"line":34,"column":4},"end":{"line":34,"column":30}},"type":"if","locations":[{"start":{"line":34,"column":4},"end":{"line":34,"column":30}},{"start":{},"end":{}}],"line":34},"1":{"loc":{"start":{"line":35,"column":17},"end":{"line":35,"column":33}},"type":"binary-expr","locations":[{"start":{"line":35,"column":17},"end":{"line":35,"column":27}},{"start":{"line":35,"column":31},"end":{"line":35,"column":33}}],"line":35},"2":{"loc":{"start":{"line":36,"column":4},"end":{"line":38,"column":5}},"type":"if","locations":[{"start":{"line":36,"column":4},"end":{"line":38,"column":5}},{"start":{},"end":{}}],"line":36},"3":{"loc":{"start":{"line":40,"column":4},"end":{"line":42,"column":5}},"type":"if","locations":[{"start":{"line":40,"column":4},"end":{"line":42,"column":5}},{"start":{},"end":{}}],"line":40},"4":{"loc":{"start":{"line":40,"column":8},"end":{"line":40,"column":83}},"type":"binary-expr","locations":[{"start":{"line":40,"column":8},"end":{"line":40,"column":20}},{"start":{"line":40,"column":24},"end":{"line":40,"column":41}},{"start":{"line":40,"column":45},"end":{"line":40,"column":83}}],"line":40},"5":{"loc":{"start":{"line":45,"column":2},"end":{"line":48,"column":3}},"type":"if","locations":[{"start":{"line":45,"column":2},"end":{"line":48,"column":3}},{"start":{},"end":{}}],"line":45},"6":{"loc":{"start":{"line":67,"column":23},"end":{"line":67,"column":47}},"type":"binary-expr","locations":[{"start":{"line":67,"column":23},"end":{"line":67,"column":32}},{"start":{"line":67,"column":36},"end":{"line":67,"column":47}}],"line":67},"7":{"loc":{"start":{"line":75,"column":4},"end":{"line":82,"column":5}},"type":"if","locations":[{"start":{"line":75,"column":4},"end":{"line":82,"column":5}},{"start":{},"end":{}}],"line":75}},"s":{"0":1,"1":4,"2":4,"3":23,"4":5,"5":18,"6":23,"7":78,"8":12,"9":18,"10":1,"11":4,"12":1,"13":1,"14":3,"15":3,"16":3,"17":3,"18":3,"19":3,"20":13,"21":13,"22":13,"23":13,"24":13,"25":13,"26":13,"27":13,"28":312,"29":13,"30":13,"31":13,"32":156,"33":156,"34":156,"35":156,"36":13,"37":13,"38":13,"39":3,"40":3,"41":3},"f":{"0":4,"1":23,"2":78},"b":{"0":[5,18],"1":[18,0],"2":[12,11],"3":[1,17],"4":[18,18,1],"5":[1,3],"6":[13,0],"7":[13,0]},"meta":{"lastBranch":8,"lastFunction":3,"lastStatement":42,"seen":{"s:19:25:26:1":0,"f:31:22:31:40":0,"s:32:17:32:19":1,"s:33:2:43:5":2,"f:33:17:33:18":1,"b:34:4:34:30:undefined:undefined:undefined:undefined":0,"s:34:4:34:30":3,"s:34:23:34:30":4,"s:35:17:35:33":5,"b:35:17:35:27:35:31:35:33":1,"b:36:4:38:5:undefined:undefined:undefined:undefined":2,"s:36:4:38:5":6,"f:36:30:36:31":2,"s:36:37:36:55":7,"s:37:6:37:25":8,"b:40:4:42:5:undefined:undefined:undefined:undefined":3,"s:40:4:42:5":9,"b:40:8:40:20:40:24:40:41:40:45:40:83":4,"s:41:6:41:25":10,"b:45:2:48:3:undefined:undefined:undefined:undefined":5,"s:45:2:48:3":11,"s:46:4:46:47":12,"s:47:4:47:16":13,"s:51:17:51:37":14,"s:53:19:53:21":15,"s:54:21:54:22":16,"s:56:2:56:45":17,"s:57:2:57:20":18,"s:59:2:87:3":19,"s:60:4:60:33":20,"s:61:16:61:37":21,"s:62:4:62:39":22,"s:64:21:64:49":23,"s:65:18:65:32":24,"s:67:4:67:51":25,"b:67:23:67:32:67:36:67:47":6,"s:70:4:72:5":26,"s:70:17:70:18":27,"s:71:6:71:118":28,"b:75:4:82:5:undefined:undefined:undefined:undefined":7,"s:75:4:82:5":29,"s:76:6:81:7":30,"s:76:19:76:20":31,"s:77:18:77:47":32,"s:78:18:78:51":33,"s:79:18:79:51":34,"s:80:8:80:42":35,"s:84:4:84:35":36,"s:85:4:85:22":37,"s:86:4:86:18":38,"s:89:24:89:73":39,"s:90:2:90:54":40,"s:91:2:91:23":41}}}
,"D:\\Documents\\Programming\\Node\\3d_map_generator\\src\\export\\glb-exporter.js": {"path":"D:\\Documents\\Programming\\Node\\3d_map_generator\\src\\export\\glb-exporter.js","statementMap":{"0":{"start":{"line":17,"column":17},"end":{"line":17,"column":19}},"1":{"start":{"line":18,"column":2},"end":{"line":20,"column":5}},"2":{"start":{"line":19,"column":4},"end":{"line":19,"column":41}},"3":{"start":{"line":19,"column":22},"end":{"line":19,"column":41}},"4":{"start":{"line":22,"column":2},"end":{"line":22,"column":76}},"5":{"start":{"line":22,"column":27},"end":{"line":22,"column":76}},"6":{"start":{"line":25,"column":16},"end":{"line":25,"column":18}},"7":{"start":{"line":26,"column":19},"end":{"line":26,"column":21}},"8":{"start":{"line":27,"column":20},"end":{"line":27,"column":22}},"9":{"start":{"line":28,"column":22},"end":{"line":28,"column":24}},"10":{"start":{"line":29,"column":20},"end":{"line":29,"column":22}},"11":{"start":{"line":30,"column":22},"end":{"line":30,"column":31}},"12":{"start":{"line":31,"column":19},"end":{"line":31,"column":21}},"13":{"start":{"line":32,"column":17},"end":{"line":32,"column":19}},"14":{"start":{"line":33,"column":19},"end":{"line":33,"column":28}},"15":{"start":{"line":34,"column":19},"end":{"line":34,"column":21}},"16":{"start":{"line":35,"column":19},"end":{"line":35,"column":24}},"17":{"start":{"line":36,"column":22},"end":{"line":36,"column":24}},"18":{"start":{"line":37,"column":19},"end":{"line":37,"column":20}},"19":{"start":{"line":39,"column":2},"end":{"line":204,"column":3}},"20":{"start":{"line":40,"column":4},"end":{"line":40,"column":33}},"21":{"start":{"line":41,"column":16},"end":{"line":41,"column":37}},"22":{"start":{"line":42,"column":4},"end":{"line":42,"column":39}},"23":{"start":{"line":44,"column":21},"end":{"line":44,"column":49}},"24":{"start":{"line":45,"column":19},"end":{"line":45,"column":45}},"25":{"start":{"line":46,"column":15},"end":{"line":46,"column":37}},"26":{"start":{"line":47,"column":18},"end":{"line":47,"column":32}},"27":{"start":{"line":51,"column":19},"end":{"line":51,"column":37}},"28":{"start":{"line":52,"column":4},"end":{"line":100,"column":5}},"29":{"start":{"line":53,"column":6},"end":{"line":53,"column":39}},"30":{"start":{"line":55,"column":6},"end":{"line":55,"column":32}},"31":{"start":{"line":56,"column":6},"end":{"line":56,"column":38}},"32":{"start":{"line":57,"column":16},"end":{"line":57,"column":64}},"33":{"start":{"line":58,"column":21},"end":{"line":64,"column":7}},"34":{"start":{"line":67,"column":6},"end":{"line":91,"column":7}},"35":{"start":{"line":68,"column":23},"end":{"line":68,"column":47}},"36":{"start":{"line":70,"column":8},"end":{"line":82,"column":9}},"37":{"start":{"line":71,"column":10},"end":{"line":71,"column":40}},"38":{"start":{"line":73,"column":26},"end":{"line":73,"column":55}},"39":{"start":{"line":74,"column":28},"end":{"line":74,"column":97}},"40":{"start":{"line":75,"column":26},"end":{"line":75,"column":44}},"41":{"start":{"line":76,"column":10},"end":{"line":76,"column":81}},"42":{"start":{"line":77,"column":10},"end":{"line":77,"column":38}},"43":{"start":{"line":78,"column":10},"end":{"line":78,"column":41}},"44":{"start":{"line":79,"column":10},"end":{"line":79,"column":33}},"45":{"start":{"line":80,"column":10},"end":{"line":80,"column":70}},"46":{"start":{"line":81,"column":10},"end":{"line":81,"column":39}},"47":{"start":{"line":83,"column":8},"end":{"line":86,"column":9}},"48":{"start":{"line":84,"column":10},"end":{"line":84,"column":90}},"49":{"start":{"line":85,"column":10},"end":{"line":85,"column":28}},"50":{"start":{"line":87,"column":23},"end":{"line":87,"column":38}},"51":{"start":{"line":88,"column":8},"end":{"line":88,"column":54}},"52":{"start":{"line":89,"column":8},"end":{"line":89,"column":73}},"53":{"start":{"line":90,"column":8},"end":{"line":90,"column":67}},"54":{"start":{"line":94,"column":6},"end":{"line":97,"column":7}},"55":{"start":{"line":95,"column":8},"end":{"line":95,"column":35}},"56":{"start":{"line":96,"column":8},"end":{"line":96,"column":79}},"57":{"start":{"line":99,"column":6},"end":{"line":99,"column":29}},"58":{"start":{"line":103,"column":20},"end":{"line":103,"column":52}},"59":{"start":{"line":104,"column":19},"end":{"line":104,"column":46}},"60":{"start":{"line":105,"column":23},"end":{"line":105,"column":41}},"61":{"start":{"line":106,"column":4},"end":{"line":106,"column":90}},"62":{"start":{"line":107,"column":4},"end":{"line":107,"column":29}},"63":{"start":{"line":110,"column":17},"end":{"line":110,"column":47}},"64":{"start":{"line":111,"column":17},"end":{"line":111,"column":50}},"65":{"start":{"line":112,"column":4},"end":{"line":116,"column":5}},"66":{"start":{"line":112,"column":17},"end":{"line":112,"column":18}},"67":{"start":{"line":113,"column":16},"end":{"line":113,"column":32}},"68":{"start":{"line":113,"column":38},"end":{"line":113,"column":54}},"69":{"start":{"line":113,"column":60},"end":{"line":113,"column":76}},"70":{"start":{"line":114,"column":6},"end":{"line":114,"column":41}},"71":{"start":{"line":114,"column":42},"end":{"line":114,"column":77}},"72":{"start":{"line":114,"column":78},"end":{"line":114,"column":113}},"73":{"start":{"line":115,"column":6},"end":{"line":115,"column":41}},"74":{"start":{"line":115,"column":42},"end":{"line":115,"column":77}},"75":{"start":{"line":115,"column":78},"end":{"line":115,"column":113}},"76":{"start":{"line":118,"column":22},"end":{"line":118,"column":38}},"77":{"start":{"line":119,"column":4},"end":{"line":126,"column":7}},"78":{"start":{"line":127,"column":4},"end":{"line":127,"column":32}},"79":{"start":{"line":131,"column":4},"end":{"line":146,"column":5}},"80":{"start":{"line":132,"column":23},"end":{"line":132,"column":53}},"81":{"start":{"line":133,"column":22},"end":{"line":133,"column":50}},"82":{"start":{"line":134,"column":26},"end":{"line":134,"column":44}},"83":{"start":{"line":135,"column":6},"end":{"line":135,"column":93}},"84":{"start":{"line":136,"column":6},"end":{"line":136,"column":32}},"85":{"start":{"line":138,"column":6},"end":{"line":138,"column":36}},"86":{"start":{"line":139,"column":6},"end":{"line":144,"column":9}},"87":{"start":{"line":145,"column":6},"end":{"line":145,"column":35}},"88":{"start":{"line":150,"column":4},"end":{"line":159,"column":5}},"89":{"start":{"line":151,"column":21},"end":{"line":151,"column":47}},"90":{"start":{"line":152,"column":20},"end":{"line":152,"column":46}},"91":{"start":{"line":153,"column":24},"end":{"line":153,"column":42}},"92":{"start":{"line":154,"column":6},"end":{"line":154,"column":91}},"93":{"start":{"line":155,"column":6},"end":{"line":155,"column":30}},"94":{"start":{"line":156,"column":6},"end":{"line":156,"column":34}},"95":{"start":{"line":157,"column":6},"end":{"line":157,"column":100}},"96":{"start":{"line":158,"column":6},"end":{"line":158,"column":33}},"97":{"start":{"line":163,"column":4},"end":{"line":187,"column":5}},"98":{"start":{"line":165,"column":24},"end":{"line":165,"column":46}},"99":{"start":{"line":166,"column":22},"end":{"line":168,"column":38}},"100":{"start":{"line":169,"column":21},"end":{"line":169,"column":48}},"101":{"start":{"line":172,"column":22},"end":{"line":172,"column":51}},"102":{"start":{"line":173,"column":24},"end":{"line":173,"column":93}},"103":{"start":{"line":175,"column":25},"end":{"line":175,"column":43}},"104":{"start":{"line":176,"column":6},"end":{"line":176,"column":92}},"105":{"start":{"line":177,"column":6},"end":{"line":177,"column":34}},"106":{"start":{"line":179,"column":6},"end":{"line":179,"column":35}},"107":{"start":{"line":180,"column":6},"end":{"line":185,"column":9}},"108":{"start":{"line":186,"column":6},"end":{"line":186,"column":37}},"109":{"start":{"line":190,"column":22},"end":{"line":193,"column":5}},"110":{"start":{"line":194,"column":4},"end":{"line":194,"column":75}},"111":{"start":{"line":194,"column":34},"end":{"line":194,"column":75}},"112":{"start":{"line":195,"column":4},"end":{"line":195,"column":75}},"113":{"start":{"line":195,"column":32},"end":{"line":195,"column":75}},"114":{"start":{"line":196,"column":4},"end":{"line":196,"column":63}},"115":{"start":{"line":196,"column":33},"end":{"line":196,"column":63}},"116":{"start":{"line":198,"column":20},"end":{"line":198,"column":35}},"117":{"start":{"line":199,"column":4},"end":{"line":199,"column":77}},"118":{"start":{"line":201,"column":4},"end":{"line":201,"column":64}},"119":{"start":{"line":203,"column":4},"end":{"line":203,"column":18}},"120":{"start":{"line":207,"column":15},"end":{"line":217,"column":3}},"121":{"start":{"line":210,"column":42},"end":{"line":210,"column":43}},"122":{"start":{"line":219,"column":2},"end":{"line":219,"column":52}},"123":{"start":{"line":219,"column":27},"end":{"line":219,"column":52}},"124":{"start":{"line":220,"column":2},"end":{"line":220,"column":46}},"125":{"start":{"line":220,"column":25},"end":{"line":220,"column":46}},"126":{"start":{"line":221,"column":2},"end":{"line":221,"column":52}},"127":{"start":{"line":221,"column":27},"end":{"line":221,"column":52}},"128":{"start":{"line":223,"column":18},"end":{"line":223,"column":38}},"129":{"start":{"line":224,"column":18},"end":{"line":224,"column":47}},"130":{"start":{"line":226,"column":22},"end":{"line":226,"column":52}},"131":{"start":{"line":227,"column":24},"end":{"line":227,"column":81}},"132":{"start":{"line":229,"column":17},"end":{"line":229,"column":43}},"133":{"start":{"line":231,"column":21},"end":{"line":231,"column":50}},"134":{"start":{"line":232,"column":23},"end":{"line":232,"column":98}},"135":{"start":{"line":235,"column":22},"end":{"line":235,"column":77}},"136":{"start":{"line":237,"column":14},"end":{"line":237,"column":39}},"137":{"start":{"line":238,"column":15},"end":{"line":238,"column":16}},"138":{"start":{"line":241,"column":2},"end":{"line":241,"column":40}},"139":{"start":{"line":241,"column":41},"end":{"line":241,"column":53}},"140":{"start":{"line":242,"column":2},"end":{"line":242,"column":31}},"141":{"start":{"line":242,"column":32},"end":{"line":242,"column":44}},"142":{"start":{"line":243,"column":2},"end":{"line":243,"column":41}},"143":{"start":{"line":243,"column":42},"end":{"line":243,"column":54}},"144":{"start":{"line":246,"column":2},"end":{"line":246,"column":50}},"145":{"start":{"line":246,"column":51},"end":{"line":246,"column":63}},"146":{"start":{"line":247,"column":2},"end":{"line":247,"column":40}},"147":{"start":{"line":247,"column":41},"end":{"line":247,"column":53}},"148":{"start":{"line":248,"column":2},"end":{"line":248,"column":34}},"149":{"start":{"line":248,"column":35},"end":{"line":248,"column":66}},"150":{"start":{"line":251,"column":2},"end":{"line":251,"column":49}},"151":{"start":{"line":251,"column":50},"end":{"line":251,"column":62}},"152":{"start":{"line":252,"column":2},"end":{"line":252,"column":40}},"153":{"start":{"line":252,"column":41},"end":{"line":252,"column":53}},"154":{"start":{"line":253,"column":2},"end":{"line":253,"column":33}},"155":{"start":{"line":255,"column":2},"end":{"line":255,"column":35}},"156":{"start":{"line":256,"column":2},"end":{"line":256,"column":20}},"157":{"start":{"line":263,"column":2},"end":{"line":263,"column":72}}},"fnMap":{"0":{"name":"exportToGlb","decl":{"start":{"line":16,"column":22},"end":{"line":16,"column":33}},"loc":{"start":{"line":16,"column":53},"end":{"line":257,"column":1}},"line":16},"1":{"name":"(anonymous_1)","decl":{"start":{"line":18,"column":17},"end":{"line":18,"column":18}},"loc":{"start":{"line":18,"column":28},"end":{"line":20,"column":3}},"line":18},"2":{"name":"(anonymous_2)","decl":{"start":{"line":210,"column":32},"end":{"line":210,"column":33}},"loc":{"start":{"line":210,"column":42},"end":{"line":210,"column":43}},"line":210},"3":{"name":"getOutputPath","decl":{"start":{"line":262,"column":16},"end":{"line":262,"column":29}},"loc":{"start":{"line":262,"column":38},"end":{"line":264,"column":1}},"line":262}},"branchMap":{"0":{"loc":{"start":{"line":19,"column":4},"end":{"line":19,"column":41}},"type":"if","locations":[{"start":{"line":19,"column":4},"end":{"line":19,"column":41}},{"start":{},"end":{}}],"line":19},"1":{"loc":{"start":{"line":22,"column":2},"end":{"line":22,"column":76}},"type":"if","locations":[{"start":{"line":22,"column":2},"end":{"line":22,"column":76}},{"start":{},"end":{}}],"line":22},"2":{"loc":{"start":{"line":52,"column":4},"end":{"line":100,"column":5}},"type":"if","locations":[{"start":{"line":52,"column":4},"end":{"line":100,"column":5}},{"start":{"line":54,"column":11},"end":{"line":100,"column":5}}],"line":52},"3":{"loc":{"start":{"line":57,"column":16},"end":{"line":57,"column":64}},"type":"binary-expr","locations":[{"start":{"line":57,"column":16},"end":{"line":57,"column":35}},{"start":{"line":57,"column":39},"end":{"line":57,"column":64}}],"line":57},"4":{"loc":{"start":{"line":61,"column":26},"end":{"line":61,"column":54}},"type":"binary-expr","locations":[{"start":{"line":61,"column":26},"end":{"line":61,"column":49}},{"start":{"line":61,"column":53},"end":{"line":61,"column":54}}],"line":61},"5":{"loc":{"start":{"line":62,"column":27},"end":{"line":62,"column":57}},"type":"binary-expr","locations":[{"start":{"line":62,"column":27},"end":{"line":62,"column":50}},{"start":{"line":62,"column":54},"end":{"line":62,"column":57}}],"line":62},"6":{"loc":{"start":{"line":67,"column":6},"end":{"line":91,"column":7}},"type":"if","locations":[{"start":{"line":67,"column":6},"end":{"line":91,"column":7}},{"start":{},"end":{}}],"line":67},"7":{"loc":{"start":{"line":70,"column":8},"end":{"line":82,"column":9}},"type":"if","locations":[{"start":{"line":70,"column":8},"end":{"line":82,"column":9}},{"start":{"line":72,"column":15},"end":{"line":82,"column":9}}],"line":70},"8":{"loc":{"start":{"line":74,"column":28},"end":{"line":74,"column":97}},"type":"cond-expr","locations":[{"start":{"line":74,"column":42},"end":{"line":74,"column":88}},{"start":{"line":74,"column":91},"end":{"line":74,"column":97}}],"line":74},"9":{"loc":{"start":{"line":83,"column":8},"end":{"line":86,"column":9}},"type":"if","locations":[{"start":{"line":83,"column":8},"end":{"line":86,"column":9}},{"start":{},"end":{}}],"line":83},"10":{"loc":{"start":{"line":94,"column":6},"end":{"line":97,"column":7}},"type":"if","locations":[{"start":{"line":94,"column":6},"end":{"line":97,"column":7}},{"start":{},"end":{}}],"line":94},"11":{"loc":{"start":{"line":94,"column":10},"end":{"line":94,"column":64}},"type":"binary-expr","locations":[{"start":{"line":94,"column":10},"end":{"line":94,"column":35}},{"start":{"line":94,"column":39},"end":{"line":94,"column":64}}],"line":94},"12":{"loc":{"start":{"line":131,"column":4},"end":{"line":146,"column":5}},"type":"if","locations":[{"start":{"line":131,"column":4},"end":{"line":146,"column":5}},{"start":{},"end":{}}],"line":131},"13":{"loc":{"start":{"line":150,"column":4},"end":{"line":159,"column":5}},"type":"if","locations":[{"start":{"line":150,"column":4},"end":{"line":159,"column":5}},{"start":{},"end":{}}],"line":150},"14":{"loc":{"start":{"line":163,"column":4},"end":{"line":187,"column":5}},"type":"if","locations":[{"start":{"line":163,"column":4},"end":{"line":187,"column":5}},{"start":{},"end":{}}],"line":163},"15":{"loc":{"start":{"line":166,"column":22},"end":{"line":168,"column":38}},"type":"cond-expr","locations":[{"start":{"line":167,"column":10},"end":{"line":167,"column":38}},{"start":{"line":168,"column":10},"end":{"line":168,"column":38}}],"line":166},"16":{"loc":{"start":{"line":173,"column":24},"end":{"line":173,"column":93}},"type":"cond-expr","locations":[{"start":{"line":173,"column":38},"end":{"line":173,"column":84}},{"start":{"line":173,"column":87},"end":{"line":173,"column":93}}],"line":173},"17":{"loc":{"start":{"line":182,"column":23},"end":{"line":182,"column":46}},"type":"cond-expr","locations":[{"start":{"line":182,"column":35},"end":{"line":182,"column":39}},{"start":{"line":182,"column":42},"end":{"line":182,"column":46}}],"line":182},"18":{"loc":{"start":{"line":194,"column":4},"end":{"line":194,"column":75}},"type":"if","locations":[{"start":{"line":194,"column":4},"end":{"line":194,"column":75}},{"start":{},"end":{}}],"line":194},"19":{"loc":{"start":{"line":195,"column":4},"end":{"line":195,"column":75}},"type":"if","locations":[{"start":{"line":195,"column":4},"end":{"line":195,"column":75}},{"start":{},"end":{}}],"line":195},"20":{"loc":{"start":{"line":196,"column":4},"end":{"line":196,"column":63}},"type":"if","locations":[{"start":{"line":196,"column":4},"end":{"line":196,"column":63}},{"start":{},"end":{}}],"line":196},"21":{"loc":{"start":{"line":199,"column":51},"end":{"line":199,"column":73}},"type":"binary-expr","locations":[{"start":{"line":199,"column":51},"end":{"line":199,"column":60}},{"start":{"line":199,"column":64},"end":{"line":199,"column":73}}],"line":199},"22":{"loc":{"start":{"line":201,"column":38},"end":{"line":201,"column":60}},"type":"binary-expr","locations":[{"start":{"line":201,"column":38},"end":{"line":201,"column":47}},{"start":{"line":201,"column":51},"end":{"line":201,"column":60}}],"line":201},"23":{"loc":{"start":{"line":219,"column":2},"end":{"line":219,"column":52}},"type":"if","locations":[{"start":{"line":219,"column":2},"end":{"line":219,"column":52}},{"start":{},"end":{}}],"line":219},"24":{"loc":{"start":{"line":220,"column":2},"end":{"line":220,"column":46}},"type":"if","locations":[{"start":{"line":220,"column":2},"end":{"line":220,"column":46}},{"start":{},"end":{}}],"line":220},"25":{"loc":{"start":{"line":221,"column":2},"end":{"line":221,"column":52}},"type":"if","locations":[{"start":{"line":221,"column":2},"end":{"line":221,"column":52}},{"start":{},"end":{}}],"line":221},"26":{"loc":{"start":{"line":232,"column":23},"end":{"line":232,"column":98}},"type":"cond-expr","locations":[{"start":{"line":232,"column":40},"end":{"line":232,"column":89}},{"start":{"line":232,"column":92},"end":{"line":232,"column":98}}],"line":232}},"s":{"0":8,"1":8,"2":17,"3":9,"4":8,"5":1,"6":7,"7":7,"8":7,"9":7,"10":7,"11":7,"12":7,"13":7,"14":7,"15":7,"16":7,"17":7,"18":7,"19":7,"20":9,"21":9,"22":9,"23":9,"24":9,"25":9,"26":9,"27":9,"28":9,"29":1,"30":8,"31":8,"32":8,"33":8,"34":8,"35":3,"36":3,"37":1,"38":2,"39":2,"40":2,"41":2,"42":2,"43":2,"44":2,"45":2,"46":2,"47":3,"48":2,"49":2,"50":3,"51":3,"52":3,"53":3,"54":8,"55":1,"56":1,"57":8,"58":9,"59":9,"60":9,"61":9,"62":9,"63":9,"64":9,"65":9,"66":9,"67":216,"68":216,"69":216,"70":216,"71":216,"72":216,"73":216,"74":216,"75":216,"76":9,"77":9,"78":9,"79":9,"80":9,"81":9,"82":9,"83":9,"84":9,"85":9,"86":9,"87":9,"88":9,"89":9,"90":9,"91":9,"92":9,"93":9,"94":9,"95":9,"96":9,"97":9,"98":9,"99":9,"100":9,"101":9,"102":9,"103":9,"104":9,"105":9,"106":9,"107":9,"108":9,"109":9,"110":9,"111":9,"112":9,"113":9,"114":9,"115":9,"116":9,"117":9,"118":9,"119":9,"120":7,"121":9,"122":7,"123":2,"124":7,"125":2,"126":7,"127":2,"128":7,"129":7,"130":7,"131":7,"132":7,"133":7,"134":7,"135":8,"136":8,"137":8,"138":8,"139":8,"140":8,"141":8,"142":8,"143":8,"144":8,"145":8,"146":8,"147":8,"148":8,"149":8,"150":8,"151":8,"152":8,"153":8,"154":8,"155":8,"156":7,"157":1},"f":{"0":8,"1":17,"2":9,"3":1},"b":{"0":[9,8],"1":[1,7],"2":[1,8],"3":[8,0],"4":[8,8],"5":[8,0],"6":[3,5],"7":[1,2],"8":[0,2],"9":[2,1],"10":[1,7],"11":[8,1],"12":[9,0],"13":[9,0],"14":[9,0],"15":[0,9],"16":[0,9],"17":[0,9],"18":[9,0],"19":[9,0],"20":[9,0],"21":[9,0],"22":[9,0],"23":[2,5],"24":[2,5],"25":[2,5],"26":[0,7]},"meta":{"lastBranch":27,"lastFunction":4,"lastStatement":158,"seen":{"f:16:22:16:33":0,"s:17:17:17:19":0,"s:18:2:20:5":1,"f:18:17:18:18":1,"b:19:4:19:41:undefined:undefined:undefined:undefined":0,"s:19:4:19:41":2,"s:19:22:19:41":3,"b:22:2:22:76:undefined:undefined:undefined:undefined":1,"s:22:2:22:76":4,"s:22:27:22:76":5,"s:25:16:25:18":6,"s:26:19:26:21":7,"s:27:20:27:22":8,"s:28:22:28:24":9,"s:29:20:29:22":10,"s:30:22:30:31":11,"s:31:19:31:21":12,"s:32:17:32:19":13,"s:33:19:33:28":14,"s:34:19:34:21":15,"s:35:19:35:24":16,"s:36:22:36:24":17,"s:37:19:37:20":18,"s:39:2:204:3":19,"s:40:4:40:33":20,"s:41:16:41:37":21,"s:42:4:42:39":22,"s:44:21:44:49":23,"s:45:19:45:45":24,"s:46:15:46:37":25,"s:47:18:47:32":26,"s:51:19:51:37":27,"b:52:4:100:5:54:11:100:5":2,"s:52:4:100:5":28,"s:53:6:53:39":29,"s:55:6:55:32":30,"s:56:6:56:38":31,"s:57:16:57:64":32,"b:57:16:57:35:57:39:57:64":3,"s:58:21:64:7":33,"b:61:26:61:49:61:53:61:54":4,"b:62:27:62:50:62:54:62:57":5,"b:67:6:91:7:undefined:undefined:undefined:undefined":6,"s:67:6:91:7":34,"s:68:23:68:47":35,"b:70:8:82:9:72:15:82:9":7,"s:70:8:82:9":36,"s:71:10:71:40":37,"s:73:26:73:55":38,"s:74:28:74:97":39,"b:74:42:74:88:74:91:74:97":8,"s:75:26:75:44":40,"s:76:10:76:81":41,"s:77:10:77:38":42,"s:78:10:78:41":43,"s:79:10:79:33":44,"s:80:10:80:70":45,"s:81:10:81:39":46,"b:83:8:86:9:undefined:undefined:undefined:undefined":9,"s:83:8:86:9":47,"s:84:10:84:90":48,"s:85:10:85:28":49,"s:87:23:87:38":50,"s:88:8:88:54":51,"s:89:8:89:73":52,"s:90:8:90:67":53,"b:94:6:97:7:undefined:undefined:undefined:undefined":10,"s:94:6:97:7":54,"b:94:10:94:35:94:39:94:64":11,"s:95:8:95:35":55,"s:96:8:96:79":56,"s:99:6:99:29":57,"s:103:20:103:52":58,"s:104:19:104:46":59,"s:105:23:105:41":60,"s:106:4:106:90":61,"s:107:4:107:29":62,"s:110:17:110:47":63,"s:111:17:111:50":64,"s:112:4:116:5":65,"s:112:17:112:18":66,"s:113:16:113:32":67,"s:113:38:113:54":68,"s:113:60:113:76":69,"s:114:6:114:41":70,"s:114:42:114:77":71,"s:114:78:114:113":72,"s:115:6:115:41":73,"s:115:42:115:77":74,"s:115:78:115:113":75,"s:118:22:118:38":76,"s:119:4:126:7":77,"s:127:4:127:32":78,"b:131:4:146:5:undefined:undefined:undefined:undefined":12,"s:131:4:146:5":79,"s:132:23:132:53":80,"s:133:22:133:50":81,"s:134:26:134:44":82,"s:135:6:135:93":83,"s:136:6:136:32":84,"s:138:6:138:36":85,"s:139:6:144:9":86,"s:145:6:145:35":87,"b:150:4:159:5:undefined:undefined:undefined:undefined":13,"s:150:4:159:5":88,"s:151:21:151:47":89,"s:152:20:152:46":90,"s:153:24:153:42":91,"s:154:6:154:91":92,"s:155:6:155:30":93,"s:156:6:156:34":94,"s:157:6:157:100":95,"s:158:6:158:33":96,"b:163:4:187:5:undefined:undefined:undefined:undefined":14,"s:163:4:187:5":97,"s:165:24:165:46":98,"s:166:22:168:38":99,"b:167:10:167:38:168:10:168:38":15,"s:169:21:169:48":100,"s:172:22:172:51":101,"s:173:24:173:93":102,"b:173:38:173:84:173:87:173:93":16,"s:175:25:175:43":103,"s:176:6:176:92":104,"s:177:6:177:34":105,"s:179:6:179:35":106,"s:180:6:185:9":107,"b:182:35:182:39:182:42:182:46":17,"s:186:6:186:37":108,"s:190:22:193:5":109,"b:194:4:194:75:undefined:undefined:undefined:undefined":18,"s:194:4:194:75":110,"s:194:34:194:75":111,"b:195:4:195:75:undefined:undefined:undefined:undefined":19,"s:195:4:195:75":112,"s:195:32:195:75":113,"b:196:4:196:63:undefined:undefined:undefined:undefined":20,"s:196:4:196:63":114,"s:196:33:196:63":115,"s:198:20:198:35":116,"s:199:4:199:77":117,"b:199:51:199:60:199:64:199:73":21,"s:201:4:201:64":118,"b:201:38:201:47:201:51:201:60":22,"s:203:4:203:18":119,"s:207:15:217:3":120,"f:210:32:210:33":2,"s:210:42:210:43":121,"b:219:2:219:52:undefined:undefined:undefined:undefined":23,"s:219:2:219:52":122,"s:219:27:219:52":123,"b:220:2:220:46:undefined:undefined:undefined:undefined":24,"s:220:2:220:46":124,"s:220:25:220:46":125,"b:221:2:221:52:undefined:undefined:undefined:undefined":25,"s:221:2:221:52":126,"s:221:27:221:52":127,"s:223:18:223:38":128,"s:224:18:224:47":129,"s:226:22:226:52":130,"s:227:24:227:81":131,"s:229:17:229:43":132,"s:231:21:231:50":133,"s:232:23:232:98":134,"b:232:40:232:89:232:92:232:98":26,"s:235:22:235:77":135,"s:237:14:237:39":136,"s:238:15:238:16":137,"s:241:2:241:40":138,"s:241:41:241:53":139,"s:242:2:242:31":140,"s:242:32:242:44":141,"s:243:2:243:41":142,"s:243:42:243:54":143,"s:246:2:246:50":144,"s:246:51:246:63":145,"s:247:2:247:40":146,"s:247:41:247:53":147,"s:248:2:248:34":148,"s:248:35:248:66":149,"s:251:2:251:49":150,"s:251:50:251:62":151,"s:252:2:252:40":152,"s:252:41:252:53":153,"s:253:2:253:33":154,"s:255:2:255:35":155,"s:256:2:256:20":156,"f:262:16:262:29":3,"s:263:2:263:72":157}}}
,"D:\\Documents\\Programming\\Node\\3d_map_generator\\src\\generators\\buildings.js": {"path":"D:\\Documents\\Programming\\Node\\3d_map_generator\\src\\generators\\buildings.js","statementMap":{"0":{"start":{"line":13,"column":19},"end":{"line":13,"column":38}},"1":{"start":{"line":14,"column":16},"end":{"line":14,"column":32}},"2":{"start":{"line":15,"column":21},"end":{"line":15,"column":33}},"3":{"start":{"line":24,"column":20},"end":{"line":24,"column":26}},"4":{"start":{"line":25,"column":20},"end":{"line":25,"column":22}},"5":{"start":{"line":28,"column":18},"end":{"line":28,"column":67}},"6":{"start":{"line":29,"column":22},"end":{"line":29,"column":59}},"7":{"start":{"line":32,"column":15},"end":{"line":32,"column":56}},"8":{"start":{"line":33,"column":15},"end":{"line":33,"column":56}},"9":{"start":{"line":34,"column":16},"end":{"line":34,"column":38}},"10":{"start":{"line":35,"column":16},"end":{"line":35,"column":38}},"11":{"start":{"line":37,"column":2},"end":{"line":55,"column":3}},"12":{"start":{"line":37,"column":17},"end":{"line":37,"column":18}},"13":{"start":{"line":38,"column":4},"end":{"line":54,"column":5}},"14":{"start":{"line":38,"column":19},"end":{"line":38,"column":20}},"15":{"start":{"line":39,"column":20},"end":{"line":39,"column":31}},"16":{"start":{"line":40,"column":20},"end":{"line":40,"column":31}},"17":{"start":{"line":43,"column":16},"end":{"line":43,"column":69}},"18":{"start":{"line":44,"column":16},"end":{"line":44,"column":69}},"19":{"start":{"line":45,"column":16},"end":{"line":45,"column":39}},"20":{"start":{"line":46,"column":16},"end":{"line":46,"column":39}},"21":{"start":{"line":49,"column":24},"end":{"line":49,"column":61}},"22":{"start":{"line":50,"column":21},"end":{"line":50,"column":39}},"23":{"start":{"line":51,"column":22},"end":{"line":51,"column":95}},"24":{"start":{"line":53,"column":6},"end":{"line":53,"column":95}},"25":{"start":{"line":58,"column":17},"end":{"line":58,"column":30}},"26":{"start":{"line":59,"column":23},"end":{"line":59,"column":65}},"27":{"start":{"line":62,"column":20},"end":{"line":62,"column":22}},"28":{"start":{"line":63,"column":25},"end":{"line":63,"column":27}},"29":{"start":{"line":64,"column":2},"end":{"line":79,"column":3}},"30":{"start":{"line":65,"column":4},"end":{"line":76,"column":5}},"31":{"start":{"line":66,"column":22},"end":{"line":66,"column":27}},"32":{"start":{"line":67,"column":6},"end":{"line":73,"column":7}},"33":{"start":{"line":68,"column":8},"end":{"line":72,"column":9}},"34":{"start":{"line":70,"column":10},"end":{"line":70,"column":27}},"35":{"start":{"line":71,"column":10},"end":{"line":71,"column":16}},"36":{"start":{"line":74,"column":6},"end":{"line":75,"column":29}},"37":{"start":{"line":74,"column":21},"end":{"line":74,"column":44}},"38":{"start":{"line":75,"column":11},"end":{"line":75,"column":29}},"39":{"start":{"line":78,"column":4},"end":{"line":78,"column":33}},"40":{"start":{"line":83,"column":2},"end":{"line":92,"column":3}},"41":{"start":{"line":84,"column":24},"end":{"line":84,"column":44}},"42":{"start":{"line":85,"column":4},"end":{"line":85,"column":27}},"43":{"start":{"line":86,"column":22},"end":{"line":86,"column":69}},"44":{"start":{"line":87,"column":4},"end":{"line":87,"column":43}},"45":{"start":{"line":88,"column":4},"end":{"line":88,"column":49}},"46":{"start":{"line":90,"column":4},"end":{"line":90,"column":23}},"47":{"start":{"line":91,"column":4},"end":{"line":91,"column":25}},"48":{"start":{"line":95,"column":27},"end":{"line":95,"column":66}},"49":{"start":{"line":97,"column":2},"end":{"line":97,"column":84}},"50":{"start":{"line":110,"column":13},"end":{"line":110,"column":28}},"51":{"start":{"line":111,"column":13},"end":{"line":111,"column":28}},"52":{"start":{"line":112,"column":17},"end":{"line":112,"column":18}},"53":{"start":{"line":115,"column":13},"end":{"line":115,"column":43}},"54":{"start":{"line":116,"column":13},"end":{"line":116,"column":43}},"55":{"start":{"line":117,"column":13},"end":{"line":117,"column":43}},"56":{"start":{"line":118,"column":13},"end":{"line":118,"column":43}},"57":{"start":{"line":119,"column":13},"end":{"line":119,"column":41}},"58":{"start":{"line":122,"column":15},"end":{"line":122,"column":34}},"59":{"start":{"line":123,"column":14},"end":{"line":123,"column":39}},"60":{"start":{"line":124,"column":14},"end":{"line":124,"column":39}},"61":{"start":{"line":125,"column":14},"end":{"line":125,"column":72}},"62":{"start":{"line":126,"column":14},"end":{"line":126,"column":72}},"63":{"start":{"line":127,"column":20},"end":{"line":127,"column":53}},"64":{"start":{"line":128,"column":4},"end":{"line":128,"column":81}},"65":{"start":{"line":131,"column":2},"end":{"line":142,"column":3}},"66":{"start":{"line":132,"column":12},"end":{"line":132,"column":41}},"67":{"start":{"line":133,"column":12},"end":{"line":133,"column":64}},"68":{"start":{"line":134,"column":12},"end":{"line":134,"column":89}},"69":{"start":{"line":135,"column":12},"end":{"line":135,"column":89}},"70":{"start":{"line":138,"column":18},"end":{"line":138,"column":48}},"71":{"start":{"line":139,"column":18},"end":{"line":139,"column":48}},"72":{"start":{"line":140,"column":6},"end":{"line":140,"column":108}},"73":{"start":{"line":143,"column":2},"end":{"line":143,"column":12}}},"fnMap":{"0":{"name":"generateBuildings","decl":{"start":{"line":23,"column":16},"end":{"line":23,"column":33}},"loc":{"start":{"line":23,"column":57},"end":{"line":98,"column":1}},"line":23},"1":{"name":"placeBigLayout","decl":{"start":{"line":109,"column":9},"end":{"line":109,"column":23}},"loc":{"start":{"line":109,"column":55},"end":{"line":144,"column":1}},"line":109},"2":{"name":"makeBig","decl":{"start":{"line":121,"column":11},"end":{"line":121,"column":18}},"loc":{"start":{"line":121,"column":33},"end":{"line":129,"column":3}},"line":121}},"branchMap":{"0":{"loc":{"start":{"line":64,"column":2},"end":{"line":79,"column":3}},"type":"if","locations":[{"start":{"line":64,"column":2},"end":{"line":79,"column":3}},{"start":{"line":77,"column":9},"end":{"line":79,"column":3}}],"line":64},"1":{"loc":{"start":{"line":68,"column":8},"end":{"line":72,"column":9}},"type":"if","locations":[{"start":{"line":68,"column":8},"end":{"line":72,"column":9}},{"start":{},"end":{}}],"line":68},"2":{"loc":{"start":{"line":68,"column":12},"end":{"line":69,"column":82}},"type":"binary-expr","locations":[{"start":{"line":68,"column":12},"end":{"line":68,"column":46}},{"start":{"line":68,"column":50},"end":{"line":68,"column":82}},{"start":{"line":69,"column":12},"end":{"line":69,"column":46}},{"start":{"line":69,"column":50},"end":{"line":69,"column":82}}],"line":68},"3":{"loc":{"start":{"line":74,"column":6},"end":{"line":75,"column":29}},"type":"if","locations":[{"start":{"line":74,"column":6},"end":{"line":75,"column":29}},{"start":{"line":75,"column":11},"end":{"line":75,"column":29}}],"line":74},"4":{"loc":{"start":{"line":83,"column":2},"end":{"line":92,"column":3}},"type":"if","locations":[{"start":{"line":83,"column":2},"end":{"line":92,"column":3}},{"start":{"line":89,"column":9},"end":{"line":92,"column":3}}],"line":83},"5":{"loc":{"start":{"line":131,"column":2},"end":{"line":142,"column":3}},"type":"switch","locations":[{"start":{"line":132,"column":4},"end":{"line":132,"column":41}},{"start":{"line":133,"column":4},"end":{"line":133,"column":64}},{"start":{"line":134,"column":4},"end":{"line":134,"column":89}},{"start":{"line":135,"column":4},"end":{"line":135,"column":89}},{"start":{"line":136,"column":4},"end":{"line":141,"column":5}}],"line":131}},"s":{"0":6,"1":6,"2":6,"3":113,"4":113,"5":113,"6":113,"7":113,"8":113,"9":113,"10":113,"11":113,"12":113,"13":565,"14":565,"15":2825,"16":2825,"17":2825,"18":2825,"19":2825,"20":2825,"21":2825,"22":2825,"23":2825,"24":2825,"25":113,"26":113,"27":113,"28":113,"29":113,"30":112,"31":2800,"32":2800,"33":5815,"34":971,"35":971,"36":2800,"37":971,"38":1829,"39":1,"40":113,"41":112,"42":112,"43":112,"44":112,"45":112,"46":1,"47":1,"48":113,"49":113,"50":113,"51":113,"52":113,"53":113,"54":113,"55":113,"56":113,"57":113,"58":263,"59":263,"60":263,"61":263,"62":263,"63":263,"64":263,"65":113,"66":11,"67":67,"68":12,"69":10,"70":13,"71":13,"72":13,"73":0},"f":{"0":113,"1":113,"2":263},"b":{"0":[112,1],"1":[971,4844],"2":[5815,3863,2391,1584],"3":[971,1829],"4":[112,1],"5":[11,67,12,10,13]},"meta":{"lastBranch":6,"lastFunction":3,"lastStatement":74,"seen":{"s:13:19:13:38":0,"s:14:16:14:32":1,"s:15:21:15:33":2,"f:23:16:23:33":0,"s:24:20:24:26":3,"s:25:20:25:22":4,"s:28:18:28:67":5,"s:29:22:29:59":6,"s:32:15:32:56":7,"s:33:15:33:56":8,"s:34:16:34:38":9,"s:35:16:35:38":10,"s:37:2:55:3":11,"s:37:17:37:18":12,"s:38:4:54:5":13,"s:38:19:38:20":14,"s:39:20:39:31":15,"s:40:20:40:31":16,"s:43:16:43:69":17,"s:44:16:44:69":18,"s:45:16:45:39":19,"s:46:16:46:39":20,"s:49:24:49:61":21,"s:50:21:50:39":22,"s:51:22:51:95":23,"s:53:6:53:95":24,"s:58:17:58:30":25,"s:59:23:59:65":26,"s:62:20:62:22":27,"s:63:25:63:27":28,"b:64:2:79:3:77:9:79:3":0,"s:64:2:79:3":29,"s:65:4:76:5":30,"s:66:22:66:27":31,"s:67:6:73:7":32,"b:68:8:72:9:undefined:undefined:undefined:undefined":1,"s:68:8:72:9":33,"b:68:12:68:46:68:50:68:82:69:12:69:46:69:50:69:82":2,"s:70:10:70:27":34,"s:71:10:71:16":35,"b:74:6:75:29:75:11:75:29":3,"s:74:6:75:29":36,"s:74:21:74:44":37,"s:75:11:75:29":38,"s:78:4:78:33":39,"b:83:2:92:3:89:9:92:3":4,"s:83:2:92:3":40,"s:84:24:84:44":41,"s:85:4:85:27":42,"s:86:22:86:69":43,"s:87:4:87:43":44,"s:88:4:88:49":45,"s:90:4:90:23":46,"s:91:4:91:25":47,"s:95:27:95:66":48,"s:97:2:97:84":49,"f:109:9:109:23":1,"s:110:13:110:28":50,"s:111:13:111:28":51,"s:112:17:112:18":52,"s:115:13:115:43":53,"s:116:13:116:43":54,"s:117:13:117:43":55,"s:118:13:118:43":56,"s:119:13:119:41":57,"f:121:11:121:18":2,"s:122:15:122:34":58,"s:123:14:123:39":59,"s:124:14:124:39":60,"s:125:14:125:72":61,"s:126:14:126:72":62,"s:127:20:127:53":63,"s:128:4:128:81":64,"b:132:4:132:41:133:4:133:64:134:4:134:89:135:4:135:89:136:4:141:5":5,"s:131:2:142:3":65,"s:132:12:132:41":66,"s:133:12:133:64":67,"s:134:12:134:89":68,"s:135:12:135:89":69,"s:138:18:138:48":70,"s:139:18:139:48":71,"s:140:6:140:108":72,"s:143:2:143:12":73}}}
,"D:\\Documents\\Programming\\Node\\3d_map_generator\\src\\generators\\connectivity.js": {"path":"D:\\Documents\\Programming\\Node\\3d_map_generator\\src\\generators\\connectivity.js","statementMap":{"0":{"start":{"line":24,"column":21},"end":{"line":24,"column":45}},"1":{"start":{"line":25,"column":21},"end":{"line":25,"column":45}},"2":{"start":{"line":26,"column":22},"end":{"line":26,"column":47}},"3":{"start":{"line":28,"column":40},"end":{"line":28,"column":46}},"4":{"start":{"line":29,"column":18},"end":{"line":29,"column":20}},"5":{"start":{"line":30,"column":19},"end":{"line":30,"column":21}},"6":{"start":{"line":35,"column":2},"end":{"line":164,"column":3}},"7":{"start":{"line":35,"column":16},"end":{"line":35,"column":17}},"8":{"start":{"line":36,"column":21},"end":{"line":36,"column":39}},"9":{"start":{"line":37,"column":15},"end":{"line":37,"column":41}},"10":{"start":{"line":39,"column":4},"end":{"line":163,"column":5}},"11":{"start":{"line":39,"column":20},"end":{"line":39,"column":21}},"12":{"start":{"line":40,"column":22},"end":{"line":40,"column":36}},"13":{"start":{"line":41,"column":6},"end":{"line":41,"column":29}},"14":{"start":{"line":41,"column":20},"end":{"line":41,"column":29}},"15":{"start":{"line":43,"column":16},"end":{"line":43,"column":33}},"16":{"start":{"line":44,"column":17},"end":{"line":44,"column":44}},"17":{"start":{"line":45,"column":17},"end":{"line":45,"column":44}},"18":{"start":{"line":47,"column":24},"end":{"line":47,"column":64}},"19":{"start":{"line":47,"column":48},"end":{"line":47,"column":63}},"20":{"start":{"line":48,"column":6},"end":{"line":48,"column":31}},"21":{"start":{"line":48,"column":22},"end":{"line":48,"column":31}},"22":{"start":{"line":50,"column":6},"end":{"line":162,"column":7}},"23":{"start":{"line":51,"column":24},"end":{"line":51,"column":52}},"24":{"start":{"line":54,"column":26},"end":{"line":54,"column":60}},"25":{"start":{"line":55,"column":26},"end":{"line":55,"column":60}},"26":{"start":{"line":56,"column":26},"end":{"line":56,"column":60}},"27":{"start":{"line":57,"column":26},"end":{"line":57,"column":60}},"28":{"start":{"line":59,"column":22},"end":{"line":59,"column":24}},"29":{"start":{"line":60,"column":8},"end":{"line":61,"column":84}},"30":{"start":{"line":61,"column":10},"end":{"line":61,"column":84}},"31":{"start":{"line":62,"column":8},"end":{"line":63,"column":96}},"32":{"start":{"line":63,"column":10},"end":{"line":63,"column":96}},"33":{"start":{"line":64,"column":8},"end":{"line":65,"column":83}},"34":{"start":{"line":65,"column":10},"end":{"line":65,"column":83}},"35":{"start":{"line":66,"column":8},"end":{"line":67,"column":95}},"36":{"start":{"line":67,"column":10},"end":{"line":67,"column":95}},"37":{"start":{"line":69,"column":8},"end":{"line":161,"column":9}},"38":{"start":{"line":71,"column":28},"end":{"line":71,"column":32}},"39":{"start":{"line":72,"column":25},"end":{"line":72,"column":33}},"40":{"start":{"line":74,"column":10},"end":{"line":87,"column":11}},"41":{"start":{"line":75,"column":24},"end":{"line":75,"column":66}},"42":{"start":{"line":76,"column":12},"end":{"line":76,"column":37}},"43":{"start":{"line":76,"column":28},"end":{"line":76,"column":37}},"44":{"start":{"line":79,"column":26},"end":{"line":79,"column":86}},"45":{"start":{"line":80,"column":26},"end":{"line":80,"column":86}},"46":{"start":{"line":81,"column":25},"end":{"line":81,"column":81}},"47":{"start":{"line":83,"column":12},"end":{"line":86,"column":13}},"48":{"start":{"line":84,"column":14},"end":{"line":84,"column":30}},"49":{"start":{"line":85,"column":14},"end":{"line":85,"column":36}},"50":{"start":{"line":89,"column":10},"end":{"line":89,"column":54}},"51":{"start":{"line":89,"column":45},"end":{"line":89,"column":54}},"52":{"start":{"line":91,"column":26},"end":{"line":91,"column":37}},"53":{"start":{"line":95,"column":24},"end":{"line":95,"column":49}},"54":{"start":{"line":96,"column":24},"end":{"line":96,"column":49}},"55":{"start":{"line":97,"column":10},"end":{"line":97,"column":78}},"56":{"start":{"line":97,"column":69},"end":{"line":97,"column":78}},"57":{"start":{"line":98,"column":10},"end":{"line":98,"column":66}},"58":{"start":{"line":98,"column":57},"end":{"line":98,"column":66}},"59":{"start":{"line":99,"column":10},"end":{"line":99,"column":79}},"60":{"start":{"line":99,"column":70},"end":{"line":99,"column":79}},"61":{"start":{"line":100,"column":10},"end":{"line":100,"column":67}},"62":{"start":{"line":100,"column":58},"end":{"line":100,"column":67}},"63":{"start":{"line":104,"column":10},"end":{"line":126,"column":11}},"64":{"start":{"line":106,"column":23},"end":{"line":106,"column":91}},"65":{"start":{"line":107,"column":23},"end":{"line":107,"column":67}},"66":{"start":{"line":108,"column":12},"end":{"line":108,"column":35}},"67":{"start":{"line":108,"column":26},"end":{"line":108,"column":35}},"68":{"start":{"line":109,"column":24},"end":{"line":109,"column":31}},"69":{"start":{"line":110,"column":12},"end":{"line":110,"column":101}},"70":{"start":{"line":110,"column":92},"end":{"line":110,"column":101}},"71":{"start":{"line":113,"column":29},"end":{"line":113,"column":129}},"72":{"start":{"line":114,"column":12},"end":{"line":114,"column":122}},"73":{"start":{"line":117,"column":23},"end":{"line":117,"column":92}},"74":{"start":{"line":118,"column":23},"end":{"line":118,"column":68}},"75":{"start":{"line":119,"column":12},"end":{"line":119,"column":35}},"76":{"start":{"line":119,"column":26},"end":{"line":119,"column":35}},"77":{"start":{"line":120,"column":24},"end":{"line":120,"column":31}},"78":{"start":{"line":121,"column":12},"end":{"line":121,"column":101}},"79":{"start":{"line":121,"column":92},"end":{"line":121,"column":101}},"80":{"start":{"line":124,"column":29},"end":{"line":124,"column":129}},"81":{"start":{"line":125,"column":12},"end":{"line":125,"column":122}},"82":{"start":{"line":130,"column":28},"end":{"line":130,"column":61}},"83":{"start":{"line":131,"column":25},"end":{"line":131,"column":28}},"84":{"start":{"line":132,"column":25},"end":{"line":132,"column":30}},"85":{"start":{"line":133,"column":10},"end":{"line":142,"column":11}},"86":{"start":{"line":134,"column":12},"end":{"line":134,"column":65}},"87":{"start":{"line":134,"column":56},"end":{"line":134,"column":65}},"88":{"start":{"line":135,"column":27},"end":{"line":135,"column":93}},"89":{"start":{"line":136,"column":27},"end":{"line":136,"column":93}},"90":{"start":{"line":137,"column":12},"end":{"line":141,"column":13}},"91":{"start":{"line":139,"column":14},"end":{"line":139,"column":30}},"92":{"start":{"line":140,"column":14},"end":{"line":140,"column":20}},"93":{"start":{"line":143,"column":10},"end":{"line":145,"column":11}},"94":{"start":{"line":144,"column":12},"end":{"line":144,"column":35}},"95":{"start":{"line":148,"column":29},"end":{"line":148,"column":34}},"96":{"start":{"line":148,"column":49},"end":{"line":148,"column":54}},"97":{"start":{"line":149,"column":10},"end":{"line":157,"column":11}},"98":{"start":{"line":150,"column":12},"end":{"line":156,"column":13}},"99":{"s
[...]
t":{"line":152,"column":9},"end":{"line":152,"column":22}},"loc":{"start":{"line":152,"column":33},"end":{"line":178,"column":1}},"line":152},"4":{"name":"(anonymous_4)","decl":{"start":{"line":162,"column":17},"end":{"line":162,"column":18}},"loc":{"start":{"line":162,"column":28},"end":{"line":162,"column":66}},"line":162},"5":{"name":"buildWall","decl":{"start":{"line":190,"column":9},"end":{"line":190,"column":18}},"loc":{"start":{"line":190,"column":79},"end":{"line":222,"column":1}},"line":190}},"branchMap":{"0":{"loc":{"start":{"line":42,"column":6},"end":{"line":42,"column":65}},"type":"if","locations":[{"start":{"line":42,"column":6},"end":{"line":42,"column":65}},{"start":{},"end":{}}],"line":42},"1":{"loc":{"start":{"line":42,"column":10},"end":{"line":42,"column":54}},"type":"binary-expr","locations":[{"start":{"line":42,"column":10},"end":{"line":42,"column":25}},{"start":{"line":42,"column":29},"end":{"line":42,"column":54}}],"line":42},"2":{"loc":{"start":{"line":58,"column":8},"end":{"line":58,"column":31}},"type":"if","locations":[{"start":{"line":58,"column":8},"end":{"line":58,"column":31}},{"start":{},"end":{}}],"line":58},"3":{"loc":{"start":{"line":86,"column":24},"end":{"line":86,"column":75}},"type":"cond-expr","locations":[{"start":{"line":86,"column":45},"end":{"line":86,"column":71}},{"start":{"line":86,"column":74},"end":{"line":86,"column":75}}],"line":86},"4":{"loc":{"start":{"line":90,"column":4},"end":{"line":105,"column":5}},"type":"if","locations":[{"start":{"line":90,"column":4},"end":{"line":105,"column":5}},{"start":{"line":94,"column":11},"end":{"line":105,"column":5}}],"line":90},"5":{"loc":{"start":{"line":97,"column":8},"end":{"line":97,"column":37}},"type":"if","locations":[{"start":{"line":97,"column":8},"end":{"line":97,"column":37}},{"start":{},"end":{}}],"line":97},"6":{"loc":{"start":{"line":98,"column":8},"end":{"line":98,"column":81}},"type":"if","locations":[{"start":{"line":98,"column":8},"end":{"line":98,"column":81}},{"start":{},"end":{}}],"line":98},"7":{"loc":{"start":{"line":98,"column":12},"end":{"line":98,"column":49}},"type":"binary-expr","locations":[{"start":{"line":98,"column":12},"end":{"line":98,"column":24}},{"start":{"line":98,"column":28},"end":{"line":98,"column":49}}],"line":98},"8":{"loc":{"start":{"line":99,"column":8},"end":{"line":99,"column":88}},"type":"if","locations":[{"start":{"line":99,"column":8},"end":{"line":99,"column":88}},{"start":{},"end":{}}],"line":99},"9":{"loc":{"start":{"line":99,"column":12},"end":{"line":99,"column":56}},"type":"binary-expr","locations":[{"start":{"line":99,"column":12},"end":{"line":99,"column":31}},{"start":{"line":99,"column":35},"end":{"line":99,"column":56}}],"line":99},"10":{"loc":{"start":{"line":101,"column":6},"end":{"line":101,"column":41}},"type":"if","locations":[{"start":{"line":101,"column":6},"end":{"line":101,"column":41}},{"start":{},"end":{}}],"line":101},"11":{"loc":{"start":{"line":110,"column":24},"end":{"line":110,"column":75}},"type":"cond-expr","locations":[{"start":{"line":110,"column":45},"end":{"line":110,"column":71}},{"start":{"line":110,"column":74},"end":{"line":110,"column":75}}],"line":110},"12":{"loc":{"start":{"line":115,"column":6},"end":{"line":115,"column":73}},"type":"if","locations":[{"start":{"line":115,"column":6},"end":{"line":115,"column":73}},{"start":{},"end":{}}],"line":115},"13":{"loc":{"start":{"line":115,"column":10},"end":{"line":115,"column":45}},"type":"binary-expr","locations":[{"start":{"line":115,"column":10},"end":{"line":115,"column":24}},{"start":{"line":115,"column":28},"end":{"line":115,"column":45}}],"line":115},"14":{"loc":{"start":{"line":116,"column":6},"end":{"line":119,"column":7}},"type":"if","locations":[{"start":{"line":116,"column":6},"end":{"line":119,"column":7}},{"start":{},"end":{}}],"line":116},"15":{"loc":{"start":{"line":117,"column":8},"end":{"line":117,"column":81}},"type":"if","locations":[{"start":{"line":117,"column":8},"end":{"line":117,"column":81}},{"start":{},"end":{}}],"line":117},"16":{"loc":{"start":{"line":117,"column":12},"end":{"line":117,"column":49}},"type":"binary-expr","locations":[{"start":{"line":117,"column":12},"end":{"line":117,"column":24}},{"start":{"line":117,"column":28},"end":{"line":117,"column":49}}],"line":117},"17":{"loc":{"start":{"line":118,"column":8},"end":{"line":118,"column":88}},"type":"if","locations":[{"start":{"line":118,"column":8},"end":{"line":118,"column":88}},{"start":{},"end":{}}],"line":118},"18":{"loc":{"start":{"line":118,"column":12},"end":{"line":118,"column":56}},"type":"binary-expr","locations":[{"start":{"line":118,"column":12},"end":{"line":118,"column":31}},{"start":{"line":118,"column":35},"end":{"line":118,"column":56}}],"line":118},"19":{"loc":{"start":{"line":121,"column":4},"end":{"line":121,"column":39}},"type":"if","locations":[{"start":{"line":121,"column":4},"end":{"line":121,"column":39}},{"start":{},"end":{}}],"line":121},"20":{"loc":{"start":{"line":131,"column":6},"end":{"line":131,"column":36}},"type":"if","locations":[{"start":{"line":131,"column":6},"end":{"line":131,"column":36}},{"start":{},"end":{}}],"line":131},"21":{"loc":{"start":{"line":135,"column":11},"end":{"line":135,"column":40}},"type":"cond-expr","locations":[{"start":{"line":135,"column":26},"end":{"line":135,"column":36}},{"start":{"line":135,"column":39},"end":{"line":135,"column":40}}],"line":135},"22":{"loc":{"start":{"line":136,"column":11},"end":{"line":136,"column":40}},"type":"cond-expr","locations":[{"start":{"line":136,"column":26},"end":{"line":136,"column":36}},{"start":{"line":136,"column":39},"end":{"line":136,"column":40}}],"line":136},"23":{"loc":{"start":{"line":153,"column":2},"end":{"line":153,"column":44}},"type":"if","locations":[{"start":{"line":153,"column":2},"end":{"line":153,"column":44}},{"start":{},"end":{}}],"line":153},"24":{"loc":{"start":{"line":157,"column":4},"end":{"line":157,"column":44}},"type":"if","locations":[{"start":{"line":157,"column":4},"end":{"line":157,"column":44}},{"start":{},"end":{}}],"line":157},"25":{"loc":{"start":{"line":162,"column":28},"end":{"line":162,"column":66}},"type":"cond-expr","locations":[{"start":{"line":162,"column":45},"end":{"line":162,"column":54}},{"start":{"line":162,"column":57},"end":{"line":162,"column":66}}],"line":162},"26":{"loc":{"start":{"line":166,"column":22},"end":{"line":166,"column":100}},"type":"cond-expr","locations":[{"start":{"line":166,"column":45},"end":{"line":166,"column":71}},{"start":{"line":166,"column":74},"end":{"line":166,"column":100}}],"line":166},"27":{"loc":{"start":{"line":167,"column":24},"end":{"line":167,"column":59}},"type":"cond-expr","locations":[{"start":{"line":167,"column":44},"end":{"line":167,"column":50}},{"start":{"line":167,"column":53},"end":{"line":167,"column":59}}],"line":167},"28":{"loc":{"start":{"line":168,"column":6},"end":{"line":173,"column":7}},"type":"if","locations":[{"start":{"line":168,"column":6},"end":{"line":173,"column":7}},{"start":{"line":170,"column":13},"end":{"line":173,"column":7}}],"line":168},"29":{"loc":{"start":{"line":168,"column":10},"end":{"line":168,"column":95}},"type":"binary-expr","locations":[{"start":{"line":168,"column":10},"end":{"line":168,"column":46}},{"start":{"line":168,"column":50},"end":{"line":168,"column":95}}],"line":168},"30":{"loc":{"start":{"line":195,"column":2},"end":{"line":220,"column":3}},"type":"switch","locations":[{"start":{"line":196,"column":4},"end":{"line":201,"column":5}},{"start":{"line":202,"column":4},"end":{"line":207,"column":5}},{"start":{"line":208,"column":4},"end":{"line":213,"column":5}},{"start":{"line":214,"column":4},"end":{"line":219,"column":5}}],"line":195},"31":{"loc":{"start":{"line":199,"column":6},"end":{"line":199,"column":38}},"type":"if","locations":[{"start":{"line":199,"column":6},"end":{"line":199,"column":38}},{"start":{},"end":{}}],"line":199},"32":{"loc":{"start":{"line":199,"column":10},"end":{"line":199,"column":24}},"type":"binary-expr","locations":[{"start":{"line":199,"column":10},"end":{"line":199,"column":15}},{"start":{"line":199,"column":19},"end":{"line":199,"column":24}}],"line":199},"33":{"loc":{"start":{"line":200,"column":18},"end":{"line":200,"column":31}},"type":"cond-expr","locations":[{"start":{"line":200,"column":25},"end":{"line":200,"column":26}},{"start":{"line":200,"column":29},"end":{"line":200,"column":31}}],"line":200},"34":{"loc":{"start":{"line":200,"column":47},"end":{"line":200,"column":73}},"type":"cond-expr","locations":[{"start":{"line":200,"column":64},"end":{"line":200,"column":65}},{"start":{"line":200,"column":68},"end":{"line":200,"column":73}}],"line":200},"35":{"loc":{"start":{"line":200,"column":48},"end":{"line":200,"column":60}},"type":"binary-expr","locations":[{"start":{"line":200,"column":48},"end":{"line":200,"column":52}},{"start":{"line":200,"column":56},"end":{"line":200,"column":60}}],"line":200},"36":{"loc":{"start":{"line":205,"column":6},"end":{"line":205,"column":38}},"type":"if","locations":[{"start":{"line":205,"column":6},"end":{"line":205,"column":38}},{"start":{},"end":{}}],"line":205},"37":{"loc":{"start":{"line":205,"column":10},"end":{"line":205,"column":24}},"type":"binary-expr","locations":[{"start":{"line":205,"column":10},"end":{"line":205,"column":15}},{"start":{"line":205,"column":19},"end":{"line":205,"column":24}}],"line":205},"38":{"loc":{"start":{"line":206,"column":18},"end":{"line":206,"column":31}},"type":"cond-expr","locations":[{"start":{"line":206,"column":25},"end":{"line":206,"column":26}},{"start":{"line":206,"column":29},"end":{"line":206,"column":31}}],"line":206},"39":{"loc":{"start":{"line":206,"column":63},"end":{"line":206,"column":89}},"type":"cond-expr","locations":[{"start":{"line":206,"column":80},"end":{"line":206,"column":81}},{"start":{"line":206,"column":84},"end":{"line":206,"column":89}}],"line":206},"40":{"loc":{"start":{"line":206,"column":64},"end":{"line":206,"column":76}},"type":"binary-expr","locations":[{"start":{"line":206,"column":64},"end":{"line":206,"column":68}},{"start":{"line":206,"column":72},"end":{"line":206,"column":76}}],"line":206},"41":{"loc":{"start":{"line":211,"column":6},"end":{"line":211,"column":38}},"type":"if","locations":[{"start":{"line":211,"column":6},"end":{"line":211,"column":38}},{"start":{},"end":{}}],"line":211},"42":{"loc":{"start":{"line":211,"column":10},"end":{"line":211,"column":24}},"type":"binary-expr","locations":[{"start":{"line":211,"column":10},"end":{"line":211,"column":15}},{"start":{"line":211,"column":19},"end":{"line":211,"column":24}}],"line":211},"43":{"loc":{"start":{"line":212,"column":24},"end":{"line":212,"column":37}},"type":"cond-expr","locations":[{"start":{"line":212,"column":31},"end":{"line":212,"column":32}},{"start":{"line":212,"column":35},"end":{"line":212,"column":37}}],"line":212},"44":{"loc":{"start":{"line":212,"column":47},"end":{"line":212,"column":73}},"type":"cond-expr","locations":[{"start":{"line":212,"column":64},"end":{"line":212,"column":65}},{"start":{"line":212,"column":68},"end":{"line":212,"column":73}}],"line":212},"45":{"loc":{"start":{"line":212,"column":48},"end":{"line":212,"column":60}},"type":"binary-expr","locations":[{"start":{"line":212,"column":48},"end":{"line":212,"column":52}},{"start":{"line":212,"column":56},"end":{"line":212,"column":60}}],"line":212},"46":{"loc":{"start":{"line":217,"column":6},"end":{"line":217,"column":38}},"type":"if","locations":[{"start":{"line":217,"column":6},"end":{"line":217,"column":38}},{"start":{},"end":{}}],"line":217},"47":{"loc":{"start":{"line":217,"column":10},"end":{"line":217,"column":24}},"type":"binary-expr","locations":[{"start":{"line":217,"column":10},"end":{"line":217,"column":15}},{"start":{"line":217,"column":19},"end":{"line":217,"column":24}}],"line":217},"48":{"loc":{"start":{"line":218,"column":40},"end":{"line":218,"column":53}},"type":"cond-expr","locations":[{"start":{"line":218,"column":47},"end":{"line":218,"column":48}},{"start":{"line":218,"column":51},"end":{"line":218,"column":53}}],"line":218},"49":{"loc":{"start":{"line":218,"column":63},"end":{"line":218,"column":89}},"type":"cond-expr","locations":[{"start":{"line":218,"column":80},"end":{"line":218,"column":81}},{"start":{"line":218,"column":84},"end":{"line":218,"column":89}}],"line":218},"50":{"loc":{"start":{"line":218,"column":64},"end":{"line":218,"column":76}},"type":"binary-expr","locations":[{"start":{"line":218,"column":64},"end":{"line":218,"column":68}},{"start":{"line":218,"column":72},"end":{"line":218,"column":76}}],"line":218}},"s":{"0":4,"1":4,"2":4,"3":40,"4":40,"5":40,"6":40,"7":636,"8":636,"9":636,"10":636,"11":1900,"12":1900,"13":1900,"14":1900,"15":1900,"16":0,"17":1900,"18":1900,"19":6258,"20":12516,"21":1900,"22":1900,"23":1900,"24":3800,"25":3800,"26":0,"27":3800,"28":3800,"29":40,"30":3800,"31":3800,"32":3800,"33":3800,"34":3800,"35":3800,"36":14098,"37":3800,"38":3800,"39":3800,"40":3800,"41":3800,"42":3232,"43":2186,"44":2186,"45":2186,"46":1046,"47":1046,"48":1370,"49":0,"50":1370,"51":840,"52":1370,"53":892,"54":1046,"55":0,"56":1046,"57":1046,"58":1046,"59":3800,"60":3800,"61":3800,"62":3800,"63":2636,"64":2636,"65":4690,"66":2876,"67":4690,"68":926,"69":542,"70":926,"71":428,"72":2636,"73":628,"74":2008,"75":2008,"76":2008,"77":3800,"78":3800,"79":3800,"80":14098,"81":14098,"82":28196,"83":5240,"84":22956,"85":22956,"86":22956,"87":3800,"88":3800,"89":0,"90":3800,"91":3800,"92":22956,"93":22956,"94":7600,"95":22956,"96":3800,"97":3800,"98":7600,"99":15356,"100":7600,"101":7600,"102":7600,"103":15356,"104":15356,"105":15356,"106":15356,"107":14394,"108":962,"109":962,"110":7600,"111":3800,"112":4,"113":3800,"114":3800,"115":3800,"116":3800,"117":1138,"118":1138,"119":1138,"120":0,"121":1138,"122":830,"123":830,"124":830,"125":0,"126":830,"127":1060,"128":1060,"129":1060,"130":0,"131":1060,"132":772,"133":772,"134":772,"135":0,"136":772,"137":0},"f":{"0":40,"1":3800,"2":14098,"3":3800,"4":15356,"5":3800},"b":{"0":[0,1900],"1":[1900,1900],"2":[0,3800],"3":[3452,348],"4":[2186,1046],"5":[0,1370],"6":[840,530],"7":[1370,1164],"8":[892,478],"9":[1370,1216],"10":[0,1046],"11":[3452,348],"12":[2876,1814],"13":[4690,3764],"14":[926,3764],"15":[542,384],"16":[926,884],"17":[428,498],"18":[926,770],"19":[628,2008],"20":[5240,22956],"21":[12264,10692],"22":[10692,12264],"23":[0,3800],"24":[7600,15356],"25":[8328,7028],"26":[8328,7028],"27":[8328,7028],"28":[14394,962],"29":[15356,14394],"30":[1138,830,1060,772],"31":[0,1138],"32":[1138,114],"33":[1024,114],"34":[752,386],"35":[1138,1024],"36":[0,830],"37":[830,46],"38":[784,46],"39":[704,126],"40":[830,784],"41":[0,1060],"42":[1060,346],"43":[714,346],"44":[668,392],"45":[1060,714],"46":[0,772],"47":[772,158],"48":[614,158],"49":[416,356],"50":[772,614]},"meta":{"lastBranch":51,"lastFunction":6,"lastStatement":138,"seen":{"s:23:23:23:36":0,"s:24:28:24:50":1,"s:25:28:25:50":2,"f:27:16:27:29":0,"s:28:55:28:61":3,"s:29:16:29:18":4,"s:31:2:65:3":5,"s:31:16:31:17":6,"s:32:21:32:39":7,"s:33:15:33:41":8,"s:35:4:64:5":9,"s:35:20:35:21":10,"s:36:20:36:53":11,"s:37:25:37:51":12,"s:40:24:40:32":13,"s:41:29:41:48":14,"b:42:6:42:65:undefined:undefined:undefined:undefined":0,"s:42:6:42:65":15,"b:42:10:42:25:42:29:42:54":1,"s:42:56:42:65":16,"s:45:22:45:31":17,"s:46:6:50:7":18,"s:47:8:49:9":19,"s:48:10:48:28":20,"s:53:23:53:48":21,"s:54:21:54:41":22,"s:56:6:63:7":23,"s:57:24:57:104":24,"b:58:8:58:31:undefined:undefined:undefined:undefined":2,"s:58:8:58:31":25,"s:58:22:58:31":26,"s:61:25:61:54":27,"s:62:8:62:32":28,"s:67:2:67:28":29,"f:75:9:75:24":1,"s:76:59:76:66":30,"s:77:15:77:63":31,"s:78:15:78:16":32,"s:79:16:79:29":33,"s:80:16:80:29":34,"s:82:15:82:63":35,"f:82:44:82:45":2,"s:82:50:82:62":36,"s:85:25:85:63":37,"s:86:24:86:75":38,"b:86:45:86:71:86:74:86:75":3,"s:87:18:87:20":39,"s:89:2:106:3":40,"s:89:15:89:16":41,"b:90:4:105:5:94:11:105:5":4,"s:90:4:105:5":42,"s:91:18:91:38":43,"s:92:6:92:27":44,"s:93:6:93:36":45,"s:95:25:95:27":46,"s:96:6:100:7":47,"b:97:8:97:37:undefined:undefined:undefined:undefined":5,"s:97:8:97:37":48,"s:97:28:97:37":49,"b:98:8:98:81:undefined:undefined:undefined:undefined":6,"s:98:8:98:81":50,"b:98:12:98:24:98:28:98:49":7,"s:98:51:98:81":51,"b:99:8:99:88:undefined:undefined:undefined:undefined":8,"s:99:8:99:88":52,"b:99:12:99:31:99:35:99:56":9,"s:99:58:99:88":53,"b:101:6:101:41:undefined:undefined:undefined:undefined":10,"s:101:6:101:41":54,"s:101:35:101:41":55,"s:102:18:102:38":56,"s:103:6:103:27":57,"s:104:6:104:36":58,"s:109:25:109:63":59,"s:110:24:110:75":60,"b:110:45:110:71:110:74:110:75":11,"s:112:2:125:3":61,"s:112:15:112:16":62,"s:113:23:113:25":63,"s:114:4:120:5":64,"b:115:6:115:73:undefined:undefined:undefined:undefined":12,"s:115:6:115:73":65,"b:115:10:115:24:115:28:115:45":13,"s:115:47:115:73":66,"b:116:6:119:7:undefined:undefined:undefined:undefined":14,"s:116:6:119:7":67,"b:117:8:117:81:undefined:undefined:undefined:undefined":15,"s:117:8:117:81":68,"b:117:12:117:24:117:28:117:49":16,"s:117:51:117:81":69,"b:118:8:118:88:undefined:undefined:undefined:undefined":17,"s:118:8:118:88":70,"b:118:12:118:31:118:35:118:56":18,"s:118:58:118:88":71,"b:121:4:121:39:undefined:undefined:undefined:undefined":19,"s:121:4:121:39":72,"s:121:33:121:39":73,"s:122:16:122:36":74,"s:123:4:123:25":75,"s:124:4:124:34":76,"s:128:19:128:21":77,"s:129:2:144:3":78,"s:129:17:129:18":79,"s:130:4:143:5":80,"s:130:19:130:20":81,"b:131:6:131:36:undefined:undefined:undefined:undefined":20,"s:131:6:131:36":82,"s:131:27:131:36":83,"s:132:23:132:42":84,"s:133:21:133:32":85,"s:134:6:142:9":86,"b:135:26:135:36:135:39:135:40":21,"b:136:26:136:36:136:39:136:40":22,"s:146:2:146:33":87,"f:152:9:152:22":3,"b:153:2:153:44:undefined:undefined:undefined:undefined":23,"s:153:2:153:44":88,"s:153:28:153:44":89,"s:154:16:154:25":90,"s:155:2:159:3":91,"s:156:16:156:34":92,"b:157:4:157:44:undefined:undefined:undefined:undefined":24,"s:157:4:157:44":93,"s:157:25:157:44":94,"s:158:4:158:27":95,"s:160:17:160:19":96,"s:161:2:176:3":97,"s:162:4:162:69":98,"f:162:17:162:18":4,"s:162:28:162:66":99,"b:162:45:162:54:162:57:162:66":25,"s:163:18:163:35":100,"s:164:4:174:5":101,"s:164:17:164:18":102,"s:165:19:165:29":103,"s:166:22:166:100":104,"b:166:45:166:71:166:74:166:100":26,"s:167:24:167:59":105,"b:167:44:167:50:167:53:167:59":27,"b:168:6:173:7:170:13:173:7":28,"s:168:6:173:7":106,"b:168:10:168:46:168:50:168:95":29,"s:169:8:169:38":107,"s:171:8:171:29":108,"s:172:8:172:30":109,"s:175:4:175:25":110,"s:177:2:177:16":111,"s:180:23:185:1":112,"f:190:9:190:18":5,"s:191:25:191:33":113,"s:192:13:192:22":114,"s:193:13:193:22":115,"b:196:4:201:5:202:4:207:5:208:4:213:5:214:4:219:5":30,"s:195:2:220:3":116,"s:197:19:197:33":117,"s:198:19:198:33":118,"b:199:6:199:38:undefined:undefined:undefined:undefined":31,"s:199:6:199:38":119,"b:199:10:199:15:199:19:199:24":32,"s:199:26:199:38":120,"s:200:6:200:125":121,"b:200:25:200:26:200:29:200:31":33,"b:200:64:200:65:200:68:200:73":34,"b:200:48:200:52:200:56:200:60":35,"s:203:19:203:33":122,"s:204:19:204:33":123,"b:205:6:205:38:undefined:undefined:undefined:undefined":36,"s:205:6:205:38":124,"b:205:10:205:15:205:19:205:24":37,"s:205:26:205:38":125,"s:206:6:206:141":126,"b:206:25:206:26:206:29:206:31":38,"b:206:80:206:81:206:84:206:89":39,"b:206:64:206:68:206:72:206:76":40,"s:209:19:209:33":127,"s:210:19:210:33":128,"b:211:6:211:38:undefined:undefined:undefined:undefined":41,"s:211:6:211:38":129,"b:211:10:211:15:211:19:211:24":42,"s:211:26:211:38":130,"s:212:6:212:125":131,"b:212:31:212:32:212:35:212:37":43,"b:212:64:212:65:212:68:212:73":44,"b:212:48:212:52:212:56:212:60":45,"s:215:19:215:33":132,"s:216:19:216:33":133,"b:217:6:217:38:undefined:undefined:undefined:undefined":46,"s:217:6:217:38":134,"b:217:10:217:15:217:19:217:24":47,"s:217:26:217:38":135,"s:218:6:218:141":136,"b:218:47:218:48:218:51:218:53":48,"b:218:80:218:81:218:84:218:89":49,"b:218:64:218:68:218:72:218:76":50,"s:221:2:221:14":137}}}
}
